#
# There is insufficient memory for the Java Runtime Environment to continue.
# Native memory allocation (mmap) failed to map 65536 bytes for Failed to commit metaspace.
# Possible reasons:
#   The system is out of physical RAM or swap space
#   The process is running with CompressedOops enabled, and the Java Heap may be blocking the growth of the native heap
# Possible solutions:
#   Reduce memory load on the system
#   Increase physical memory or swap space
#   Check if swap backing store is full
#   Decrease Java heap size (-Xmx/-Xms)
#   Decrease number of Java threads
#   Decrease Java thread stack sizes (-Xss)
#   Set larger code cache with -XX:ReservedCodeCacheSize=
#   JVM is running with Unscaled Compressed Oops mode in which the Java heap is
#     placed in the first 4GB address space. The Java Heap base address is the
#     maximum limit for the native heap growth. Please use -XX:HeapBaseMinAddress
#     to set the Java Heap base and to place the Java Heap above 4GB virtual address.
# This output file may be truncated or incomplete.
#
#  Out of Memory Error (virtualSpaceNode.cpp:110), pid=17416, tid=18184
#
# JRE version: OpenJDK Runtime Environment Temurin-17.0.9+9 (17.0.9+9) (build 17.0.9+9)
# Java VM: OpenJDK 64-Bit Server VM Temurin-17.0.9+9 (17.0.9+9, mixed mode, emulated-client, tiered, compressed oops, compressed class ptrs, g1 gc, windows-amd64)
# No core dump will be written. Minidumps are not enabled by default on client versions of Windows
#

---------------  S U M M A R Y ------------

Command Line: -Dcom.sun.management.jmxremote -Dcom.sun.management.jmxremote.port=59791 -Dcom.sun.management.jmxremote.authenticate=false -Dcom.sun.management.jmxremote.ssl=false -Djava.rmi.server.hostname=localhost -Dspring.jmx.enabled=true -Dmanagement.endpoints.jmx.exposure.include=* -Dspring.application.admin.enabled=true -XX:TieredStopAtLevel=1 -Dspring.boot.project.name=Asmjava6 -Dfile.encoding=UTF-8 -Dstdout.encoding=UTF-8 -Dstderr.encoding=UTF-8 -XX:+ShowCodeDetailsInExceptionMessages edu.poly.hello.Asmjava6Application --spring.output.ansi.enabled=always

Host: AMD Ryzen 5 5500U with Radeon Graphics         , 12 cores, 7G,  Windows 11 , 64 bit Build 22621 (10.0.22621.3235)
Time: Tue Apr  2 18:19:50 2024 SE Asia Standard Time elapsed time: 0.725428 seconds (0d 0h 0m 0s)

---------------  T H R E A D  ---------------

Current thread (0x000002598206d6c0):  JavaThread "main" [_thread_in_vm, id=18184, stack(0x0000009578800000,0x0000009578900000)]

Stack: [0x0000009578800000,0x0000009578900000]
Native frames: (J=compiled Java code, j=interpreted, Vv=VM code, C=native code)
V  [jvm.dll+0x67cf49]
V  [jvm.dll+0x83478a]
V  [jvm.dll+0x83624e]
V  [jvm.dll+0x8368b3]
V  [jvm.dll+0x247f1f]
V  [jvm.dll+0x83044b]
V  [jvm.dll+0x621776]
V  [jvm.dll+0x1c1fee]
V  [jvm.dll+0x6240d1]
V  [jvm.dll+0x622116]
V  [jvm.dll+0x23d880]
V  [jvm.dll+0x1eca2b]
V  [jvm.dll+0x1e23d1]
V  [jvm.dll+0x54305e]
V  [jvm.dll+0x7ae778]
V  [jvm.dll+0x7ae864]
V  [jvm.dll+0x411165]
V  [jvm.dll+0x4172e9]
C  [java.dll+0x17ec]

Java frames: (J=compiled Java code, j=interpreted, Vv=VM code)
j  java.lang.ClassLoader.defineClass1(Ljava/lang/ClassLoader;Ljava/lang/String;[BIILjava/security/ProtectionDomain;Ljava/lang/String;)Ljava/lang/Class;+0 java.base@17.0.9
j  java.lang.ClassLoader.defineClass(Ljava/lang/String;[BIILjava/security/ProtectionDomain;)Ljava/lang/Class;+27 java.base@17.0.9
j  java.security.SecureClassLoader.defineClass(Ljava/lang/String;[BIILjava/security/CodeSource;)Ljava/lang/Class;+12 java.base@17.0.9
j  jdk.internal.loader.BuiltinClassLoader.defineClass(Ljava/lang/String;Ljdk/internal/loader/Resource;)Ljava/lang/Class;+117 java.base@17.0.9
j  jdk.internal.loader.BuiltinClassLoader.findClassOnClassPathOrNull(Ljava/lang/String;)Ljava/lang/Class;+37 java.base@17.0.9
J 962 c1 jdk.internal.loader.BuiltinClassLoader.loadClassOrNull(Ljava/lang/String;Z)Ljava/lang/Class; java.base@17.0.9 (143 bytes) @ 0x0000025985a9a7c4 [0x0000025985a9a380+0x0000000000000444]
j  jdk.internal.loader.BuiltinClassLoader.loadClass(Ljava/lang/String;Z)Ljava/lang/Class;+3 java.base@17.0.9
j  jdk.internal.loader.ClassLoaders$AppClassLoader.loadClass(Ljava/lang/String;Z)Ljava/lang/Class;+36 java.base@17.0.9
j  java.lang.ClassLoader.loadClass(Ljava/lang/String;)Ljava/lang/Class;+3 java.base@17.0.9
v  ~StubRoutines::call_stub
j  ch.qos.logback.classic.layout.TTLLLayout.<init>()V+18
j  ch.qos.logback.classic.BasicConfigurator.configure(Lch/qos/logback/classic/LoggerContext;)Lch/qos/logback/classic/spi/Configurator$ExecutionStatus;+48
j  ch.qos.logback.classic.util.ContextInitializer.invokeConfigure(Lch/qos/logback/classic/spi/Configurator;)Lch/qos/logback/classic/spi/Configurator$ExecutionStatus;+42
j  ch.qos.logback.classic.util.ContextInitializer.autoConfig(Ljava/lang/ClassLoader;)V+207
j  ch.qos.logback.classic.util.ContextInitializer.autoConfig()V+6
j  ch.qos.logback.classic.spi.LogbackServiceProvider.initializeLoggerContext()V+11
j  ch.qos.logback.classic.spi.LogbackServiceProvider.initialize()V+21
j  org.slf4j.LoggerFactory.bind()V+37
j  org.slf4j.LoggerFactory.performInitialization()V+0
j  org.slf4j.LoggerFactory.getProvider()Lorg/slf4j/spi/SLF4JServiceProvider;+21
j  org.slf4j.LoggerFactory.getILoggerFactory()Lorg/slf4j/ILoggerFactory;+0
j  org.slf4j.LoggerFactory.getLogger(Ljava/lang/String;)Lorg/slf4j/Logger;+0
j  org.apache.commons.logging.LogAdapter$Slf4jAdapter.createLocationAwareLog(Ljava/lang/String;)Lorg/apache/commons/logging/Log;+1
j  org.apache.commons.logging.LogAdapter$$Lambda$101+0x0000000100149e98.apply(Ljava/lang/Object;)Ljava/lang/Object;+4
j  org.apache.commons.logging.LogAdapter.createLog(Ljava/lang/String;)Lorg/apache/commons/logging/Log;+4
j  org.apache.commons.logging.LogFactory.getLog(Ljava/lang/String;)Lorg/apache/commons/logging/Log;+1
j  org.apache.commons.logging.LogFactory.getLog(Ljava/lang/Class;)Lorg/apache/commons/logging/Log;+4
j  org.springframework.boot.SpringApplication.<clinit>()V+2
v  ~StubRoutines::call_stub
j  edu.poly.hello.Asmjava6Application.main([Ljava/lang/String;)V+3
v  ~StubRoutines::call_stub

Compiled method (c1)     744  962   !   1       jdk.internal.loader.BuiltinClassLoader::loadClassOrNull (143 bytes)
 total in heap  [0x0000025985a9a110,0x0000025985a9b228] = 4376
 relocation     [0x0000025985a9a268,0x0000025985a9a378] = 272
 main code      [0x0000025985a9a380,0x0000025985a9a9e0] = 1632
 stub code      [0x0000025985a9a9e0,0x0000025985a9aaf8] = 280
 metadata       [0x0000025985a9aaf8,0x0000025985a9ab80] = 136
 scopes data    [0x0000025985a9ab80,0x0000025985a9adc8] = 584
 scopes pcs     [0x0000025985a9adc8,0x0000025985a9afa8] = 480
 dependencies   [0x0000025985a9afa8,0x0000025985a9afc0] = 24
 handler table  [0x0000025985a9afc0,0x0000025985a9b1e8] = 552
 nul chk table  [0x0000025985a9b1e8,0x0000025985a9b228] = 64

[Constant Pool (empty)]

[MachCode]
[Entry Point]
  # {method} {0x00000259900e3658} 'loadClassOrNull' '(Ljava/lang/String;Z)Ljava/lang/Class;' in 'jdk/internal/loader/BuiltinClassLoader'
  # this:     rdx:rdx   = 'jdk/internal/loader/BuiltinClassLoader'
  # parm0:    r8:r8     = 'java/lang/String'
  # parm1:    r9        = boolean
  #           [sp+0x110]  (sp of caller)
  0x0000025985a9a380: 448b 5208 | 49c1 e203 

  0x0000025985a9a388: ;   {runtime_call ic_miss_stub}
  0x0000025985a9a388: 4c3b d00f | 85ef 6ccd | ff0f 1f84 | 0000 0000 | 000f 1f80 | 0000 0000 
[Verified Entry Point]
  0x0000025985a9a3a0: 8984 2400 | 90ff ff55 | 4881 ec00 | 0100 0048 | 8994 24a0 | 0000 004c | 8984 2498 | 0000 008b 
  0x0000025985a9a3c0: 5a28 4883 | fb00 0f85 | 1000 0000 | 488b f244 | 898c 24a8 | 0000 00e9 | 8d00 0000 | 4489 8c24 
  0x0000025985a9a3e0: a800 0000 

  0x0000025985a9a3e4: ;   {metadata('java/lang/Object')}
  0x0000025985a9a3e4: 48ba 800f | 0400 0100 | 0000 498b | 8708 0100 | 0048 8d78 | 1049 3bbf | 1801 0000 | 0f87 ef04 
  0x0000025985a9a404: 0000 4989 | bf08 0100 | 0048 c700 | 0100 0000 | 488b ca48 | c1e9 0389 | 4808 4833 | c989 480c 
  0x0000025985a9a424: 4833 c948 | 3b03 498b | f04c 8bc6 | 4c8b c8bf | 0100 0000 | 488b d348 | 8984 2490 | 0000 000f 
  0x0000025985a9a444: ;   {optimized virtual_call}
  0x0000025985a9a444: 1f40 00e8 

  0x0000025985a9a448: ; ImmutableOopMap {[152]=Oop [144]=Oop [160]=Oop }
                      ;*invokevirtual putVal {reexecute=0 rethrow=0 return_oop=0}
                      ; - java.util.concurrent.ConcurrentHashMap::putIfAbsent@4 (line 1541)
                      ; - java.lang.ClassLoader::getClassLoadingLock@23 (line 671)
                      ; - jdk.internal.loader.BuiltinClassLoader::loadClassOrNull@2 (line 651)
  0x0000025985a9a448: 7433 d9ff | 4883 f800 | 0f84 0800 | 0000 488b | f0e9 0b00 | 0000 488b | 8424 9000 | 0000 488b 
  0x0000025985a9a468: f048 8d94 | 24e0 0000 | 0048 8972 | 0848 8b06 | 4883 c801 | 4889 02f0 | 480f b116 | 0f84 1300 
  0x0000025985a9a488: 0000 482b | c448 81e0 | 07f0 ffff | 4889 020f | 856f 0400 | 0048 8b94 | 2498 0000 | 0048 89b4 
  0x0000025985a9a4a8: 24b0 0000 

  0x0000025985a9a4ac: ;   {static_call}
  0x0000025985a9a4ac: 0066 90e8 

  0x0000025985a9a4b0: ; ImmutableOopMap {[152]=Oop [160]=Oop [176]=Oop [232]=Oop }
                      ;*invokestatic checkName {reexecute=0 rethrow=0 return_oop=0}
                      ; - java.lang.ClassLoader::findLoadedClass@1 (line 1288)
                      ; - jdk.internal.loader.BuiltinClassLoader::loadClassOrNull@10 (line 653)
  0x0000025985a9a4b0: ac1b feff | 83f8 000f | 850f 0000 

  0x0000025985a9a4bc: ;   {oop(NULL)}
  0x0000025985a9a4bc: 0048 be00 | 0000 0000 | 0000 00e9 | 1b00 0000 | 4c8b 8424 | 9800 0000 | 488b 9424 | a000 0000 
  0x0000025985a9a4dc: ;   {optimized virtual_call}
  0x0000025985a9a4dc: 6666 90e8 

  0x0000025985a9a4e0: ; ImmutableOopMap {[152]=Oop [160]=Oop [176]=Oop [232]=Oop }
                      ;*invokevirtual findLoadedClass0 {reexecute=0 rethrow=0 return_oop=0}
                      ; - java.lang.ClassLoader::findLoadedClass@11 (line 1290)
                      ; - jdk.internal.loader.BuiltinClassLoader::loadClassOrNull@10 (line 653)
  0x0000025985a9a4e0: d4e5 ffff | 488b f048 | 83fe 000f | 85d6 0200 | 0048 89b4 | 24b8 0000 | 004c 8b84 | 2498 0000 
  0x0000025985a9a500: 0041 8b48 | 1444 8b49 | 0c41 0fbe | 4810 c1e1 | 18c1 f918 | 41d3 f941 | ffc9 498b | f841 b82e 
  0x0000025985a9a520: 0000 0048 

  0x0000025985a9a524: ;   {optimized virtual_call}
  0x0000025985a9a524: 8bd7 90e8 

  0x0000025985a9a528: ; ImmutableOopMap {[176]=Oop [160]=Oop [152]=Oop [184]=Oop [232]=Oop }
                      ;*invokevirtual lastIndexOf {reexecute=0 rethrow=0 return_oop=0}
                      ; - java.lang.String::lastIndexOf@8 (line 2451)
                      ; - jdk.internal.loader.BuiltinClassLoader::findLoadedModule@3 (line 709)
                      ; - jdk.internal.loader.BuiltinClassLoader::loadClassOrNull@22 (line 658)
  0x0000025985a9a528: b43a f4ff | 83f8 000f | 8d0f 0000 

  0x0000025985a9a534: ;   {oop(NULL)}
  0x0000025985a9a534: 0048 be00 | 0000 0000 | 0000 00e9 | 6000 0000 | 41b8 0000 | 0000 4c8b | c848 8b94 | 2498 0000 
  0x0000025985a9a554: ;   {optimized virtual_call}
  0x0000025985a9a554: 0066 90e8 

  0x0000025985a9a558: ; ImmutableOopMap {[176]=Oop [160]=Oop [152]=Oop [184]=Oop [232]=Oop }
                      ;*invokevirtual substring {reexecute=0 rethrow=0 return_oop=0}
                      ; - jdk.internal.loader.BuiltinClassLoader::findLoadedModule@16 (line 713)
                      ; - jdk.internal.loader.BuiltinClassLoader::loadClassOrNull@22 (line 658)
  0x0000025985a9a558: 24f9 ecff 

  0x0000025985a9a55c: ;   {oop(a 'java/util/concurrent/ConcurrentHashMap'{0x0000000090f57580})}
  0x0000025985a9a55c: 4c8b c048 | ba80 75f5 | 9000 0000 | 0066 0f1f 

  0x0000025985a9a56c: ;   {optimized virtual_call}
  0x0000025985a9a56c: 4400 00e8 

  0x0000025985a9a570: ; ImmutableOopMap {[176]=Oop [160]=Oop [152]=Oop [184]=Oop [232]=Oop }
                      ;*invokeinterface get {reexecute=0 rethrow=0 return_oop=0}
                      ; - jdk.internal.loader.BuiltinClassLoader::findLoadedModule@24 (line 714)
                      ; - jdk.internal.loader.BuiltinClassLoader::loadClassOrNull@22 (line 658)
  0x0000025985a9a570: ac18 daff | 4883 f800 | 0f84 2000 

  0x0000025985a9a57c: ;   {metadata('jdk/internal/loader/BuiltinClassLoader$LoadedModule')}
  0x0000025985a9a57c: 0000 48be | 28d7 0700 | 0100 0000 | 448b 4808 | 49c1 e103 | 493b f10f | 8590 0300 | 00e9 0000 
  0x0000025985a9a59c: 0000 4c8b | c049 8bf0 | 4883 fe00 | 488b 9424 | a000 0000 | 0f84 4601 | 0000 8b7e | 0c48 3bfa 
  0x0000025985a9a5bc: 0f85 0a01 

  0x0000025985a9a5c0: ;   {oop(a 'java/lang/Class'{0x0000000090f75c98} = 'jdk/internal/misc/VM')}
  0x0000025985a9a5c0: 0000 49b8 | 985c f790 | 0000 0000 | 458b 8094 | 0000 0041 | 83f8 0241 | b800 0000 | 000f 8c06 
  0x0000025985a9a5e0: 0000 0041 | b801 0000 | 0041 83e0 | 0141 83f8 | 000f 850d | 0000 0048 | 8bb4 24b8 | 0000 00e9 
  0x0000025985a9a600: c301 0000 

  0x0000025985a9a604: ;   {oop(a 'java/lang/Class'{0x0000000090f00f40} = 'java/lang/System')}
  0x0000025985a9a604: 49b8 400f | f090 0000 | 0000 458b | 407c 4983 | f800 0f85 | 1d00 0000 | 4c8b 8424 | 9800 0000 
  0x0000025985a9a624: 4c8b ce48 | 8bf2 488b 

  0x0000025985a9a62c: ;   {optimized virtual_call}
  0x0000025985a9a62c: d666 90e8 

  0x0000025985a9a630: ; ImmutableOopMap {[176]=Oop [160]=Oop [232]=Oop }
                      ;*invokevirtual defineClass {reexecute=0 rethrow=0 return_oop=0}
                      ; - jdk.internal.loader.BuiltinClassLoader::findClassInModuleOrNull@9 (line 741)
                      ; - jdk.internal.loader.BuiltinClassLoader::loadClassOrNull@55 (line 665)
  0x0000025985a9a630: 4c6d cdff | e98b 0000 | 000f 1f80 | 0000 0000 

  0x0000025985a9a640: ;   {no_reloc}
  0x0000025985a9a640: e901 0300 | 0090 9090 | 9090 488b | 9424 a000 | 0000 4c8b | 8424 9800 | 0000 4c8b 

  0x0000025985a9a65c: ;   {static_call}
  0x0000025985a9a65c: ce66 90e8 

  0x0000025985a9a660: ; ImmutableOopMap {[176]=Oop [160]=Oop [232]=Oop }
                      ;*invokedynamic {reexecute=0 rethrow=0 return_oop=0}
                      ; - jdk.internal.loader.BuiltinClassLoader::findClassInModuleOrNull@16 (line 743)
                      ; - jdk.internal.loader.BuiltinClassLoader::loadClassOrNull@55 (line 665)
  0x0000025985a9a660: 1c73 cdff | 4889 8424 | c000 0000 

  0x0000025985a9a66c: ;   {static_call}
  0x0000025985a9a66c: 6666 90e8 

  0x0000025985a9a670: ; ImmutableOopMap {[176]=Oop [160]=Oop [192]=Oop [232]=Oop }
                      ;*invokestatic getCallerClass {reexecute=0 rethrow=0 return_oop=0}
                      ; - java.security.AccessController::doPrivileged@2 (line 318)
                      ; - jdk.internal.loader.BuiltinClassLoader::findClassInModuleOrNull@23 (line 744)
                      ; - jdk.internal.loader.BuiltinClassLoader::loadClassOrNull@55 (line 665)
  0x0000025985a9a670: 0c73 cdff | 488b 9424 | c000 0000 | 4889 8424 | c800 0000 | 9048 b8ff | ffff ffff 

  0x0000025985a9a68c: ;   {virtual_call}
  0x0000025985a9a68c: ffff ffe8 

  0x0000025985a9a690: ; ImmutableOopMap {[176]=Oop [160]=Oop [200]=Oop [232]=Oop }
                      ;*invokeinterface run {reexecute=0 rethrow=0 return_oop=0}
                      ; - java.security.AccessController::executePrivileged@29 (line 776)
                      ; - java.security.AccessController::doPrivileged@5 (line 318)
                      ; - jdk.internal.loader.BuiltinClassLoader::findClassInModuleOrNull@23 (line 744)
                      ; - jdk.internal.loader.BuiltinClassLoader::loadClassOrNull@55 (line 665)
  0x0000025985a9a690: ec6f cdff | 4883 f800 | 0f84 2000 

  0x0000025985a9a69c: ;   {metadata('java/lang/Class')}
  0x0000025985a9a69c: 0000 48be | c827 0400 | 0100 0000 | 448b 4808 | 49c1 e103 | 493b f10f | 8597 0200 | 00e9 0000 
  0x0000025985a9a6bc: 0000 4c8b | c049 8bc0 | 488b f0e9 | fb00 0000 

  0x0000025985a9a6cc: ; implicit exception: dispatches to 0x0000025985a9a959
  0x0000025985a9a6cc: 483b 074c | 8b84 2498 | 0000 0041 | b900 0000 | 0048 8bd7 | 0f1f 4400 | 0048 b8ff | ffff ffff 
  0x0000025985a9a6ec: ;   {virtual_call}
  0x0000025985a9a6ec: ffff ffe8 

  0x0000025985a9a6f0: ; ImmutableOopMap {[176]=Oop [160]=Oop [232]=Oop }
                      ;*invokevirtual loadClassOrNull {reexecute=0 rethrow=0 return_oop=0}
                      ; - jdk.internal.loader.BuiltinClassLoader::loadClassOrNull@3 (line 700)
                      ; - jdk.internal.loader.BuiltinClassLoader::loadClassOrNull@66 (line 669)
  0x0000025985a9a6f0: ac4a cdff | 488b f0e9 | cb00 0000 | 8b72 5448 | 83fe 000f | 850d 0000 | 0048 8bb4 | 24b8 0000 
  0x0000025985a9a710: 00e9 2900 | 0000 483b | 064c 8b84 | 2498 0000 | 0041 b900 | 0000 0048 | 8bd6 6666 | 9048 b830 
  0x0000025985a9a730: 1805 0001 

  0x0000025985a9a734: ;   {virtual_call}
  0x0000025985a9a734: 0000 00e8 

  0x0000025985a9a738: ; ImmutableOopMap {[176]=Oop [152]=Oop [160]=Oop [232]=Oop }
                      ;*invokevirtual loadClassOrNull {reexecute=0 rethrow=0 return_oop=0}
                      ; - jdk.internal.loader.BuiltinClassLoader::loadClassOrNull@3 (line 700)
                      ; - jdk.internal.loader.BuiltinClassLoader::loadClassOrNull@86 (line 676)
  0x0000025985a9a738: 244a cdff | 488b f048 | 83fe 000f | 857e 0000 | 0048 8b94 | 24a0 0000 | 0044 8b42 | 5849 83f8 
  0x0000025985a9a758: 0041 b800 | 0000 000f | 8406 0000 | 0041 b801 | 0000 0041 | 83e0 0141 | 83f8 000f | 844e 0000 
  0x0000025985a9a778: ;   {oop(a 'java/lang/Class'{0x0000000090f75c98} = 'jdk/internal/misc/VM')}
  0x0000025985a9a778: 0049 b898 | 5cf7 9000 | 0000 0045 | 8b80 9400 | 0000 4183 | f802 41b8 | 0000 0000 | 0f8c 0600 
  0x0000025985a9a798: 0000 41b8 | 0100 0000 | 4183 e001 | 4183 f800 | 0f84 1900 | 0000 4c8b | 8424 9800 | 0000 488b 
  0x0000025985a9a7b8: f248 8bd6 

  0x0000025985a9a7bc: ;   {optimized virtual_call}
  0x0000025985a9a7bc: 6666 90e8 

  0x0000025985a9a7c0: ; ImmutableOopMap {[176]=Oop [160]=Oop [232]=Oop }
                      ;*invokevirtual findClassOnClassPathOrNull {reexecute=0 rethrow=0 return_oop=0}
                      ; - jdk.internal.loader.BuiltinClassLoader::loadClassOrNull@111 (line 681)
  0x0000025985a9a7c0: e102 0000 | 488b f044 | 8b8c 24a8 | 0000 0041 | 83f9 000f | 8414 0000 | 0048 83fe | 000f 840a 
  0x0000025985a9a7e0: 0000 0048 | 83fe 000f | 843c 0000 | 0048 8d84 | 24e0 0000 | 0048 8b10 | 4885 d20f | 840f 0000 
  0x0000025985a9a800: 0048 8b78 | 08f0 480f | b117 0f85 | 5301 0000 | 488b c648 | 81c4 0001 

  0x0000025985a9a818: ;   {poll_return}
  0x0000025985a9a818: 0000 5d49 | 3ba7 5003 | 0000 0f87 | 5101 0000 | c348 89b4 | 24d8 0000 

  0x0000025985a9a830: ;   {metadata('java/lang/NullPointerException')}
  0x0000025985a9a830: 0048 ba80 | 8f05 0001 | 0000 0049 | 8b87 0801 | 0000 488d | 7830 493b | bf18 0100 | 000f 873c 
  0x0000025985a9a850: 0100 0049 | 89bf 0801 | 0000 48c7 | 0001 0000 | 0048 8bca | 48c1 e903 | 8948 0848 | 33c9 8948 
  0x0000025985a9a870: 0c48 33c9 | 4889 4810 | 4889 4818 | 4889 4820 | 4889 4828 | 488b d048 | 8984 24d0 

  0x0000025985a9a88c: ;   {optimized virtual_call}
  0x0000025985a9a88c: 0000 00e8 

  0x0000025985a9a890: ; ImmutableOopMap {[176]=Oop [208]=Oop [216]=Oop [232]=Oop }
                      ;*invokespecial <init> {reexecute=0 rethrow=0 return_oop=0}
                      ; - java.lang.ClassLoader::resolveClass@8 (line 1228)
                      ; - jdk.internal.loader.BuiltinClassLoader::loadClassOrNull@128 (line 688)
  0x0000025985a9a890: ec6a cdff | 488b 8424 

  0x0000025985a9a898: ; ImmutableOopMap {[176]=Oop [216]=Oop [232]=Oop rax=Oop }
                      ;*athrow {reexecute=1 rethrow=0 return_oop=0}
                      ; - (reexecute) java.lang.ClassLoader::resolveClass@11 (line 1228)
                      ; - jdk.internal.loader.BuiltinClassLoader::loadClassOrNull@128 (line 688)
  0x0000025985a9a898: d000 0000 

  0x0000025985a9a89c: ;   {section_word}
  0x0000025985a9a89c: 48ba 9ca8 | a985 5902 

  0x0000025985a9a8a4: ;   {runtime_call handle_exception_nofpu Runtime1 stub}
  0x0000025985a9a8a4: 0000 e855 | 7fd7 ff90 | 498b 87e0 | 0300 004d | 33d2 4d89 | 97e0 0300 | 004d 33d2 | 4d89 97e8 
  0x0000025985a9a8c4: 0300 0048 | 8bf0 488d | 8424 e000 | 0000 488b | 3848 85ff | 0f84 0f00 | 0000 488b | 5808 f048 
  0x0000025985a9a8e4: 0fb1 3b0f | 85af 0000 | 0048 8bc6 | e9dc 0000 | 0048 8bd2 

  0x0000025985a9a8f8: ;   {runtime_call fast_new_instance Runtime1 stub}
  0x0000025985a9a8f8: e803 70d7 

  0x0000025985a9a8fc: ; ImmutableOopMap {r8=Oop [152]=Oop rbx=Oop [160]=Oop }
                      ;*new {reexecute=0 rethrow=0 return_oop=0}
                      ; - java.lang.ClassLoader::getClassLoadingLock@9 (line 670)
                      ; - jdk.internal.loader.BuiltinClassLoader::loadClassOrNull@2 (line 651)
  0x0000025985a9a8fc: ffe9 25fb 

  0x0000025985a9a900: ;   {runtime_call throw_null_pointer_exception Runtime1 stub}
  0x0000025985a9a900: ffff e819 

  0x0000025985a9a904: ; ImmutableOopMap {r8=Oop [152]=Oop rbx=Oop [160]=Oop rax=Oop }
                      ;*invokevirtual putIfAbsent {reexecute=0 rethrow=0 return_oop=0}
                      ; - java.lang.ClassLoader::getClassLoadingLock@23 (line 671)
                      ; - jdk.internal.loader.BuiltinClassLoader::loadClassOrNull@2 (line 651)
                      ;   {runtime_call throw_null_pointer_exception Runtime1 stub}
  0x0000025985a9a904: 67d7 ffe8 

  0x0000025985a9a908: ; ImmutableOopMap {[152]=Oop [160]=Oop rsi=Oop }
                      ;*monitorenter {reexecute=0 rethrow=0 return_oop=0}
                      ; - jdk.internal.loader.BuiltinClassLoader::loadClassOrNull@7 (line 651)
  0x0000025985a9a908: 1467 d7ff | 4889 7424 | 0848 8914 

  0x0000025985a9a914: ;   {runtime_call monitorenter_nofpu Runtime1 stub}
  0x0000025985a9a914: 24e8 e696 

  0x0000025985a9a918: ; ImmutableOopMap {[152]=Oop [160]=Oop rsi=Oop [232]=Oop }
                      ;*monitorenter {reexecute=0 rethrow=0 return_oop=0}
                      ; - jdk.internal.loader.BuiltinClassLoader::loadClassOrNull@7 (line 651)
  0x0000025985a9a918: d7ff e97e 

  0x0000025985a9a91c: ;   {runtime_call throw_null_pointer_exception Runtime1 stub}
  0x0000025985a9a91c: fbff ffe8 

  0x0000025985a9a920: ; ImmutableOopMap {[176]=Oop r8=Oop [152]=Oop [184]=Oop [160]=Oop [232]=Oop }
                      ;*invokevirtual lastIndexOf {reexecute=0 rethrow=0 return_oop=0}
                      ; - jdk.internal.loader.BuiltinClassLoader::findLoadedModule@3 (line 709)
                      ; - jdk.internal.loader.BuiltinClassLoader::loadClassOrNull@22 (line 658)
  0x0000025985a9a920: fc66 d7ff 

  0x0000025985a9a924: ;   {runtime_call throw_null_pointer_exception Runtime1 stub}
  0x0000025985a9a924: e8f7 66d7 

  0x0000025985a9a928: ; ImmutableOopMap {[176]=Oop r8=Oop [152]=Oop [184]=Oop [160]=Oop [232]=Oop }
                      ;*arraylength {reexecute=0 rethrow=0 return_oop=0}
                      ; - java.lang.String::length@4 (line 1481)
                      ; - java.lang.String::lastIndexOf@3 (line 2451)
                      ; - jdk.internal.loader.BuiltinClassLoader::findLoadedModule@3 (line 709)
                      ; - jdk.internal.loader.BuiltinClassLoader::loadClassOrNull@22 (line 658)
  0x0000025985a9a928: ff48 8904 

  0x0000025985a9a92c: ;   {runtime_call throw_class_cast_exception Runtime1 stub}
  0x0000025985a9a92c: 24e8 ee8a 

  0x0000025985a9a930: ; ImmutableOopMap {[176]=Oop [160]=Oop [152]=Oop [184]=Oop [232]=Oop }
                      ;*checkcast {reexecute=0 rethrow=0 return_oop=0}
                      ; - jdk.internal.loader.BuiltinClassLoader::findLoadedModule@29 (line 714)
                      ; - jdk.internal.loader.BuiltinClassLoader::loadClassOrNull@22 (line 658)
                      ;   {runtime_call throw_null_pointer_exception Runtime1 stub}
  0x0000025985a9a930: d7ff e8e9 

  0x0000025985a9a934: ; ImmutableOopMap {[176]=Oop [152]=Oop [184]=Oop rsi=Oop rdx=Oop [160]=Oop [232]=Oop }
                      ;*invokevirtual loader {reexecute=0 rethrow=0 return_oop=0}
                      ; - jdk.internal.loader.BuiltinClassLoader::loadClassOrNull@34 (line 662)
  0x0000025985a9a934: 66d7 ff48 | bf00 0000 | 0000 0000 | 00b8 000f 

  0x0000025985a9a944: ;   {runtime_call load_appendix_patching Runtime1 stub}
  0x0000025985a9a944: 050a e835 

  0x0000025985a9a948: ; ImmutableOopMap {[176]=Oop [152]=Oop rsi=Oop [160]=Oop [232]=Oop }
                      ;*invokedynamic {reexecute=1 rethrow=0 return_oop=0}
                      ; - (reexecute) jdk.internal.loader.BuiltinClassLoader::findClassInModuleOrNull@16 (line 743)
                      ; - jdk.internal.loader.BuiltinClassLoader::loadClassOrNull@55 (line 665)
  0x0000025985a9a948: bcd7 ffe9 | f0fc ffff | 4889 0424 

  0x0000025985a9a954: ;   {runtime_call throw_class_cast_exception Runtime1 stub}
  0x0000025985a9a954: e8c7 8ad7 

  0x0000025985a9a958: ; ImmutableOopMap {[176]=Oop [160]=Oop [232]=Oop }
                      ;*checkcast {reexecute=0 rethrow=0 return_oop=0}
                      ; - jdk.internal.loader.BuiltinClassLoader::findClassInModuleOrNull@26 (line 744)
                      ; - jdk.internal.loader.BuiltinClassLoader::loadClassOrNull@55 (line 665)
                      ;   {runtime_call throw_null_pointer_exception Runtime1 stub}
  0x0000025985a9a958: ffe8 c266 

  0x0000025985a9a95c: ; ImmutableOopMap {[176]=Oop rdi=Oop [152]=Oop [160]=Oop [232]=Oop }
                      ;*invokevirtual loadClassOrNull {reexecute=0 rethrow=0 return_oop=0}
                      ; - jdk.internal.loader.BuiltinClassLoader::loadClassOrNull@66 (line 669)
                      ;   {runtime_call throw_null_pointer_exception Runtime1 stub}
  0x0000025985a9a95c: d7ff e8bd 

  0x0000025985a9a960: ; ImmutableOopMap {[176]=Oop [152]=Oop [160]=Oop rsi=Oop [232]=Oop }
                      ;*invokevirtual loadClassOrNull {reexecute=0 rethrow=0 return_oop=0}
                      ; - jdk.internal.loader.BuiltinClassLoader::loadClassOrNull@86 (line 676)
  0x0000025985a9a960: 66d7 ff48 | 8d84 24e0 | 0000 0048 

  0x0000025985a9a96c: ;   {runtime_call monitorexit_nofpu Runtime1 stub}
  0x0000025985a9a96c: 8904 24e8 | 8c9f d7ff | e997 feff 

  0x0000025985a9a978: ;   {internal_word}
  0x0000025985a9a978: ff49 ba1b | a8a9 8559 | 0200 004d | 8997 6803 

  0x0000025985a9a988: ;   {runtime_call SafepointBlob}
  0x0000025985a9a988: 0000 e971 | d0cd ff48 

  0x0000025985a9a990: ;   {runtime_call fast_new_instance Runtime1 stub}
  0x0000025985a9a990: 8bd2 e869 

  0x0000025985a9a994: ; ImmutableOopMap {[176]=Oop [216]=Oop [232]=Oop }
                      ;*new {reexecute=0 rethrow=0 return_oop=0}
                      ; - java.lang.ClassLoader::resolveClass@4 (line 1228)
                      ; - jdk.internal.loader.BuiltinClassLoader::loadClassOrNull@128 (line 688)
  0x0000025985a9a994: 6fd7 ffe9 | e8fe ffff | 488d 8424 | e000 0000 | 4889 0424 

  0x0000025985a9a9a8: ;   {runtime_call monitorexit_nofpu Runtime1 stub}
  0x0000025985a9a9a8: e853 9fd7 | ffe9 3bff | ffff 9090 | 498b 87e0 | 0300 0049 | c787 e003 | 0000 0000 | 0000 49c7 
  0x0000025985a9a9c8: 87e8 0300 | 0000 0000 | 0048 81c4 | 0001 0000 

  0x0000025985a9a9d8: ;   {runtime_call unwind_exception Runtime1 stub}
  0x0000025985a9a9d8: 5de9 2257 | d7ff f4f4 
[Stub Code]
  0x0000025985a9a9e0: ;   {no_reloc}
  0x0000025985a9a9e0: 0f1f 4400 

  0x0000025985a9a9e4: ;   {static_stub}
  0x0000025985a9a9e4: 0048 bb00 | 0000 0000 

  0x0000025985a9a9ec: ;   {runtime_call}
  0x0000025985a9a9ec: 0000 00e9 | fbff ffff 

  0x0000025985a9a9f4: ;   {static_stub}
  0x0000025985a9a9f4: 9048 bb00 | 0000 0000 

  0x0000025985a9a9fc: ;   {runtime_call}
  0x0000025985a9a9fc: 0000 00e9 | fbff ffff 

  0x0000025985a9aa04: ;   {static_stub}
  0x0000025985a9aa04: 9048 bb00 | 0000 0000 

  0x0000025985a9aa0c: ;   {runtime_call}
  0x0000025985a9aa0c: 0000 00e9 | fbff ffff 

  0x0000025985a9aa14: ;   {static_stub}
  0x0000025985a9aa14: 9048 bb00 | 0000 0000 

  0x0000025985a9aa1c: ;   {runtime_call}
  0x0000025985a9aa1c: 0000 00e9 | fbff ffff 

  0x0000025985a9aa24: ;   {static_stub}
  0x0000025985a9aa24: 9048 bb00 | 0000 0000 

  0x0000025985a9aa2c: ;   {runtime_call}
  0x0000025985a9aa2c: 0000 00e9 | fbff ffff 

  0x0000025985a9aa34: ;   {static_stub}
  0x0000025985a9aa34: 9048 bb00 | 0000 0000 

  0x0000025985a9aa3c: ;   {runtime_call}
  0x0000025985a9aa3c: 0000 00e9 | fbff ffff 

  0x0000025985a9aa44: ;   {static_stub}
  0x0000025985a9aa44: 9048 bb00 | 0000 0000 

  0x0000025985a9aa4c: ;   {runtime_call}
  0x0000025985a9aa4c: 0000 00e9 | fbff ffff 

  0x0000025985a9aa54: ;   {static_stub}
  0x0000025985a9aa54: 9048 bb00 | 0000 0000 

  0x0000025985a9aa5c: ;   {runtime_call}
  0x0000025985a9aa5c: 0000 00e9 | fbff ffff 

  0x0000025985a9aa64: ;   {static_stub}
  0x0000025985a9aa64: 9048 bb00 | 0000 0000 

  0x0000025985a9aa6c: ;   {runtime_call}
  0x0000025985a9aa6c: 0000 00e9 | fbff ffff 

  0x0000025985a9aa74: ;   {static_stub}
  0x0000025985a9aa74: 9048 bb00 | 0000 0000 

  0x0000025985a9aa7c: ;   {runtime_call}
  0x0000025985a9aa7c: 0000 00e9 | fbff ffff 

  0x0000025985a9aa84: ;   {static_stub}
  0x0000025985a9aa84: 9048 bb00 | 0000 0000 

  0x0000025985a9aa8c: ;   {runtime_call}
  0x0000025985a9aa8c: 0000 00e9 | fbff ffff 

  0x0000025985a9aa94: ;   {static_stub}
  0x0000025985a9aa94: 9048 bb00 | 0000 0000 

  0x0000025985a9aa9c: ;   {runtime_call}
  0x0000025985a9aa9c: 0000 00e9 | fbff ffff 

  0x0000025985a9aaa4: ;   {static_stub}
  0x0000025985a9aaa4: 9048 bbd8 | 3a0e 9059 

  0x0000025985a9aaac: ;   {runtime_call I2C/C2I adapters}
  0x0000025985a9aaac: 0200 00e9 | a0bb cdff 

  0x0000025985a9aab4: ;   {static_stub}
  0x0000025985a9aab4: 9048 bb00 | 0000 0000 

  0x0000025985a9aabc: ;   {runtime_call}
  0x0000025985a9aabc: 0000 00e9 | fbff ffff 
[Exception Handler]
  0x0000025985a9aac4: ;   {runtime_call handle_exception_from_callee Runtime1 stub}
  0x0000025985a9aac4: e837 83d7 

  0x0000025985a9aac8: ;   {external_word}
  0x0000025985a9aac8: ff48 b940 | 9a16 b4f8 | 7f00 0048 

  0x0000025985a9aad4: ;   {runtime_call}
  0x0000025985a9aad4: 83e4 f049 | ba60 2fdf | b3f8 7f00 | 0041 ffd2 

  0x0000025985a9aae4: ;   {section_word}
  0x0000025985a9aae4: f449 bae5 | aaa9 8559 | 0200 0041 

  0x0000025985a9aaf0: ;   {runtime_call DeoptimizationBlob}
  0x0000025985a9aaf0: 52e9 aac1 | cdff f4f4 
[/MachCode]


---------------  P R O C E S S  ---------------

Threads class SMR info:
_java_thread_list=0x00000259947df110, length=16, elements={
0x000002598206d6c0, 0x000002598fe073a0, 0x000002599402f020, 0x0000025994052020,
0x00000259940528f0, 0x00000259940531c0, 0x0000025994057690, 0x0000025994058100,
0x0000025994060b10, 0x000002598fd8dbe0, 0x00000259941431e0, 0x00000259941e5030,
0x000002599422a980, 0x00000259947eff00, 0x00000259947d52f0, 0x000002599496b8d0
}

Java Threads: ( => current thread )
=>0x000002598206d6c0 JavaThread "main" [_thread_in_vm, id=18184, stack(0x0000009578800000,0x0000009578900000)]
  0x000002598fe073a0 JavaThread "Reference Handler" daemon [_thread_blocked, id=11816, stack(0x0000009578f00000,0x0000009579000000)]
  0x000002599402f020 JavaThread "Finalizer" daemon [_thread_blocked, id=8768, stack(0x0000009579000000,0x0000009579100000)]
  0x0000025994052020 JavaThread "Signal Dispatcher" daemon [_thread_blocked, id=17044, stack(0x0000009579100000,0x0000009579200000)]
  0x00000259940528f0 JavaThread "Attach Listener" daemon [_thread_blocked, id=8244, stack(0x0000009579200000,0x0000009579300000)]
  0x00000259940531c0 JavaThread "Service Thread" daemon [_thread_blocked, id=8612, stack(0x0000009579300000,0x0000009579400000)]
  0x0000025994057690 JavaThread "Monitor Deflation Thread" daemon [_thread_blocked, id=9616, stack(0x0000009579400000,0x0000009579500000)]
  0x0000025994058100 JavaThread "C1 CompilerThread0" daemon [_thread_blocked, id=14024, stack(0x0000009579500000,0x0000009579600000)]
  0x0000025994060b10 JavaThread "Sweeper thread" daemon [_thread_blocked, id=10080, stack(0x0000009579600000,0x0000009579700000)]
  0x000002598fd8dbe0 JavaThread "Common-Cleaner" daemon [_thread_blocked, id=16380, stack(0x0000009579700000,0x0000009579800000)]
  0x00000259941431e0 JavaThread "C1 CompilerThread1" daemon [_thread_blocked, id=7608, stack(0x0000009579800000,0x0000009579900000)]
  0x00000259941e5030 JavaThread "C1 CompilerThread2" daemon [_thread_blocked, id=10520, stack(0x0000009579900000,0x0000009579a00000)]
  0x000002599422a980 JavaThread "Notification Thread" daemon [_thread_blocked, id=5000, stack(0x0000009579a00000,0x0000009579b00000)]
  0x00000259947eff00 JavaThread "RMI TCP Accept-0" daemon [_thread_in_native, id=6680, stack(0x0000009579b00000,0x0000009579c00000)]
  0x00000259947d52f0 JavaThread "RMI TCP Accept-59791" daemon [_thread_in_native, id=3532, stack(0x0000009579c00000,0x0000009579d00000)]
  0x000002599496b8d0 JavaThread "RMI TCP Accept-0" daemon [_thread_in_native, id=7340, stack(0x0000009579d00000,0x0000009579e00000)]

Other Threads:
  0x000002598fe03c60 VMThread "VM Thread" [stack: 0x0000009578e00000,0x0000009578f00000] [id=18112]
  0x00000259947d57d0 WatcherThread [stack: 0x0000009579e00000,0x0000009579f00000] [id=7144]
  0x00000259820c50a0 GCTaskThread "GC Thread#0" [stack: 0x0000009578900000,0x0000009578a00000] [id=11820]
  0x00000259820d4b90 ConcurrentGCThread "G1 Main Marker" [stack: 0x0000009578a00000,0x0000009578b00000] [id=11708]
  0x00000259820d5bf0 ConcurrentGCThread "G1 Conc#0" [stack: 0x0000009578b00000,0x0000009578c00000] [id=3284]
  0x000002598fc54520 ConcurrentGCThread "G1 Refine#0" [stack: 0x0000009578c00000,0x0000009578d00000] [id=12504]
  0x000002598fc54d00 ConcurrentGCThread "G1 Service" [stack: 0x0000009578d00000,0x0000009578e00000] [id=16424]

Threads with active compile tasks:

VM state: not at safepoint (normal execution)

VM Mutex/Monitor currently owned by a thread:  ([mutex/lock_event])
[0x000002598205c690] Metaspace_lock - owner thread: 0x000002598206d6c0

Heap address: 0x0000000089800000, size: 1896 MB, Compressed Oops mode: 32-bit

CDS archive(s) not mapped
Compressed class space mapped at: 0x0000000100000000-0x0000000140000000, reserved size: 1073741824
Narrow klass base: 0x0000000000000000, Narrow klass shift: 3, Narrow klass range: 0x140000000

GC Precious Log:
 CPUs: 12 total, 12 available
 Memory: 7577M
 Large Page Support: Disabled
 NUMA Support: Disabled
 Compressed Oops: Enabled (32-bit)
 Heap Region Size: 1M
 Heap Min Capacity: 8M
 Heap Initial Capacity: 120M
 Heap Max Capacity: 1896M
 Pre-touch: Disabled
 Parallel Workers: 10
 Concurrent Workers: 3
 Concurrent Refinement Workers: 10
 Periodic GC: Disabled

Heap:
 garbage-first heap   total 122880K, used 15360K [0x0000000089800000, 0x0000000100000000)
  region size 1024K, 16 young (16384K), 0 survivors (0K)
 Metaspace       used 13776K, committed 13888K, reserved 1114112K
  class space    used 1398K, committed 1472K, reserved 1048576K

Heap Regions: E=young(eden), S=young(survivor), O=old, HS=humongous(starts), HC=humongous(continues), CS=collection set, F=free, OA=open archive, CA=closed archive, TAMS=top-at-mark-start (previous, next)
|   0|0x0000000089800000, 0x0000000089900000, 0x0000000089900000|100%|HS|  |TAMS 0x0000000089800000, 0x0000000089800000| Complete 
|   1|0x0000000089900000, 0x0000000089900000, 0x0000000089a00000|  0%| F|  |TAMS 0x0000000089900000, 0x0000000089900000| Untracked 
|   2|0x0000000089a00000, 0x0000000089a00000, 0x0000000089b00000|  0%| F|  |TAMS 0x0000000089a00000, 0x0000000089a00000| Untracked 
|   3|0x0000000089b00000, 0x0000000089b00000, 0x0000000089c00000|  0%| F|  |TAMS 0x0000000089b00000, 0x0000000089b00000| Untracked 
|   4|0x0000000089c00000, 0x0000000089c00000, 0x0000000089d00000|  0%| F|  |TAMS 0x0000000089c00000, 0x0000000089c00000| Untracked 
|   5|0x0000000089d00000, 0x0000000089d00000, 0x0000000089e00000|  0%| F|  |TAMS 0x0000000089d00000, 0x0000000089d00000| Untracked 
|   6|0x0000000089e00000, 0x0000000089e00000, 0x0000000089f00000|  0%| F|  |TAMS 0x0000000089e00000, 0x0000000089e00000| Untracked 
|   7|0x0000000089f00000, 0x0000000089f00000, 0x000000008a000000|  0%| F|  |TAMS 0x0000000089f00000, 0x0000000089f00000| Untracked 
|   8|0x000000008a000000, 0x000000008a000000, 0x000000008a100000|  0%| F|  |TAMS 0x000000008a000000, 0x000000008a000000| Untracked 
|   9|0x000000008a100000, 0x000000008a100000, 0x000000008a200000|  0%| F|  |TAMS 0x000000008a100000, 0x000000008a100000| Untracked 
|  10|0x000000008a200000, 0x000000008a200000, 0x000000008a300000|  0%| F|  |TAMS 0x000000008a200000, 0x000000008a200000| Untracked 
|  11|0x000000008a300000, 0x000000008a300000, 0x000000008a400000|  0%| F|  |TAMS 0x000000008a300000, 0x000000008a300000| Untracked 
|  12|0x000000008a400000, 0x000000008a400000, 0x000000008a500000|  0%| F|  |TAMS 0x000000008a400000, 0x000000008a400000| Untracked 
|  13|0x000000008a500000, 0x000000008a500000, 0x000000008a600000|  0%| F|  |TAMS 0x000000008a500000, 0x000000008a500000| Untracked 
|  14|0x000000008a600000, 0x000000008a600000, 0x000000008a700000|  0%| F|  |TAMS 0x000000008a600000, 0x000000008a600000| Untracked 
|  15|0x000000008a700000, 0x000000008a700000, 0x000000008a800000|  0%| F|  |TAMS 0x000000008a700000, 0x000000008a700000| Untracked 
|  16|0x000000008a800000, 0x000000008a800000, 0x000000008a900000|  0%| F|  |TAMS 0x000000008a800000, 0x000000008a800000| Untracked 
|  17|0x000000008a900000, 0x000000008a900000, 0x000000008aa00000|  0%| F|  |TAMS 0x000000008a900000, 0x000000008a900000| Untracked 
|  18|0x000000008aa00000, 0x000000008aa00000, 0x000000008ab00000|  0%| F|  |TAMS 0x000000008aa00000, 0x000000008aa00000| Untracked 
|  19|0x000000008ab00000, 0x000000008ab00000, 0x000000008ac00000|  0%| F|  |TAMS 0x000000008ab00000, 0x000000008ab00000| Untracked 
|  20|0x000000008ac00000, 0x000000008ac00000, 0x000000008ad00000|  0%| F|  |TAMS 0x000000008ac00000, 0x000000008ac00000| Untracked 
|  21|0x000000008ad00000, 0x000000008ad00000, 0x000000008ae00000|  0%| F|  |TAMS 0x000000008ad00000, 0x000000008ad00000| Untracked 
|  22|0x000000008ae00000, 0x000000008ae00000, 0x000000008af00000|  0%| F|  |TAMS 0x000000008ae00000, 0x000000008ae00000| Untracked 
|  23|0x000000008af00000, 0x000000008af00000, 0x000000008b000000|  0%| F|  |TAMS 0x000000008af00000, 0x000000008af00000| Untracked 
|  24|0x000000008b000000, 0x000000008b000000, 0x000000008b100000|  0%| F|  |TAMS 0x000000008b000000, 0x000000008b000000| Untracked 
|  25|0x000000008b100000, 0x000000008b100000, 0x000000008b200000|  0%| F|  |TAMS 0x000000008b100000, 0x000000008b100000| Untracked 
|  26|0x000000008b200000, 0x000000008b200000, 0x000000008b300000|  0%| F|  |TAMS 0x000000008b200000, 0x000000008b200000| Untracked 
|  27|0x000000008b300000, 0x000000008b300000, 0x000000008b400000|  0%| F|  |TAMS 0x000000008b300000, 0x000000008b300000| Untracked 
|  28|0x000000008b400000, 0x000000008b400000, 0x000000008b500000|  0%| F|  |TAMS 0x000000008b400000, 0x000000008b400000| Untracked 
|  29|0x000000008b500000, 0x000000008b500000, 0x000000008b600000|  0%| F|  |TAMS 0x000000008b500000, 0x000000008b500000| Untracked 
|  30|0x000000008b600000, 0x000000008b600000, 0x000000008b700000|  0%| F|  |TAMS 0x000000008b600000, 0x000000008b600000| Untracked 
|  31|0x000000008b700000, 0x000000008b700000, 0x000000008b800000|  0%| F|  |TAMS 0x000000008b700000, 0x000000008b700000| Untracked 
|  32|0x000000008b800000, 0x000000008b800000, 0x000000008b900000|  0%| F|  |TAMS 0x000000008b800000, 0x000000008b800000| Untracked 
|  33|0x000000008b900000, 0x000000008b900000, 0x000000008ba00000|  0%| F|  |TAMS 0x000000008b900000, 0x000000008b900000| Untracked 
|  34|0x000000008ba00000, 0x000000008ba00000, 0x000000008bb00000|  0%| F|  |TAMS 0x000000008ba00000, 0x000000008ba00000| Untracked 
|  35|0x000000008bb00000, 0x000000008bb00000, 0x000000008bc00000|  0%| F|  |TAMS 0x000000008bb00000, 0x000000008bb00000| Untracked 
|  36|0x000000008bc00000, 0x000000008bc00000, 0x000000008bd00000|  0%| F|  |TAMS 0x000000008bc00000, 0x000000008bc00000| Untracked 
|  37|0x000000008bd00000, 0x000000008bd00000, 0x000000008be00000|  0%| F|  |TAMS 0x000000008bd00000, 0x000000008bd00000| Untracked 
|  38|0x000000008be00000, 0x000000008be00000, 0x000000008bf00000|  0%| F|  |TAMS 0x000000008be00000, 0x000000008be00000| Untracked 
|  39|0x000000008bf00000, 0x000000008bf00000, 0x000000008c000000|  0%| F|  |TAMS 0x000000008bf00000, 0x000000008bf00000| Untracked 
|  40|0x000000008c000000, 0x000000008c000000, 0x000000008c100000|  0%| F|  |TAMS 0x000000008c000000, 0x000000008c000000| Untracked 
|  41|0x000000008c100000, 0x000000008c100000, 0x000000008c200000|  0%| F|  |TAMS 0x000000008c100000, 0x000000008c100000| Untracked 
|  42|0x000000008c200000, 0x000000008c200000, 0x000000008c300000|  0%| F|  |TAMS 0x000000008c200000, 0x000000008c200000| Untracked 
|  43|0x000000008c300000, 0x000000008c300000, 0x000000008c400000|  0%| F|  |TAMS 0x000000008c300000, 0x000000008c300000| Untracked 
|  44|0x000000008c400000, 0x000000008c400000, 0x000000008c500000|  0%| F|  |TAMS 0x000000008c400000, 0x000000008c400000| Untracked 
|  45|0x000000008c500000, 0x000000008c500000, 0x000000008c600000|  0%| F|  |TAMS 0x000000008c500000, 0x000000008c500000| Untracked 
|  46|0x000000008c600000, 0x000000008c600000, 0x000000008c700000|  0%| F|  |TAMS 0x000000008c600000, 0x000000008c600000| Untracked 
|  47|0x000000008c700000, 0x000000008c700000, 0x000000008c800000|  0%| F|  |TAMS 0x000000008c700000, 0x000000008c700000| Untracked 
|  48|0x000000008c800000, 0x000000008c800000, 0x000000008c900000|  0%| F|  |TAMS 0x000000008c800000, 0x000000008c800000| Untracked 
|  49|0x000000008c900000, 0x000000008c900000, 0x000000008ca00000|  0%| F|  |TAMS 0x000000008c900000, 0x000000008c900000| Untracked 
|  50|0x000000008ca00000, 0x000000008ca00000, 0x000000008cb00000|  0%| F|  |TAMS 0x000000008ca00000, 0x000000008ca00000| Untracked 
|  51|0x000000008cb00000, 0x000000008cb00000, 0x000000008cc00000|  0%| F|  |TAMS 0x000000008cb00000, 0x000000008cb00000| Untracked 
|  52|0x000000008cc00000, 0x000000008cc00000, 0x000000008cd00000|  0%| F|  |TAMS 0x000000008cc00000, 0x000000008cc00000| Untracked 
|  53|0x000000008cd00000, 0x000000008cd00000, 0x000000008ce00000|  0%| F|  |TAMS 0x000000008cd00000, 0x000000008cd00000| Untracked 
|  54|0x000000008ce00000, 0x000000008ce00000, 0x000000008cf00000|  0%| F|  |TAMS 0x000000008ce00000, 0x000000008ce00000| Untracked 
|  55|0x000000008cf00000, 0x000000008cf00000, 0x000000008d000000|  0%| F|  |TAMS 0x000000008cf00000, 0x000000008cf00000| Untracked 
|  56|0x000000008d000000, 0x000000008d000000, 0x000000008d100000|  0%| F|  |TAMS 0x000000008d000000, 0x000000008d000000| Untracked 
|  57|0x000000008d100000, 0x000000008d100000, 0x000000008d200000|  0%| F|  |TAMS 0x000000008d100000, 0x000000008d100000| Untracked 
|  58|0x000000008d200000, 0x000000008d200000, 0x000000008d300000|  0%| F|  |TAMS 0x000000008d200000, 0x000000008d200000| Untracked 
|  59|0x000000008d300000, 0x000000008d300000, 0x000000008d400000|  0%| F|  |TAMS 0x000000008d300000, 0x000000008d300000| Untracked 
|  60|0x000000008d400000, 0x000000008d400000, 0x000000008d500000|  0%| F|  |TAMS 0x000000008d400000, 0x000000008d400000| Untracked 
|  61|0x000000008d500000, 0x000000008d500000, 0x000000008d600000|  0%| F|  |TAMS 0x000000008d500000, 0x000000008d500000| Untracked 
|  62|0x000000008d600000, 0x000000008d600000, 0x000000008d700000|  0%| F|  |TAMS 0x000000008d600000, 0x000000008d600000| Untracked 
|  63|0x000000008d700000, 0x000000008d700000, 0x000000008d800000|  0%| F|  |TAMS 0x000000008d700000, 0x000000008d700000| Untracked 
|  64|0x000000008d800000, 0x000000008d800000, 0x000000008d900000|  0%| F|  |TAMS 0x000000008d800000, 0x000000008d800000| Untracked 
|  65|0x000000008d900000, 0x000000008d900000, 0x000000008da00000|  0%| F|  |TAMS 0x000000008d900000, 0x000000008d900000| Untracked 
|  66|0x000000008da00000, 0x000000008da00000, 0x000000008db00000|  0%| F|  |TAMS 0x000000008da00000, 0x000000008da00000| Untracked 
|  67|0x000000008db00000, 0x000000008db00000, 0x000000008dc00000|  0%| F|  |TAMS 0x000000008db00000, 0x000000008db00000| Untracked 
|  68|0x000000008dc00000, 0x000000008dc00000, 0x000000008dd00000|  0%| F|  |TAMS 0x000000008dc00000, 0x000000008dc00000| Untracked 
|  69|0x000000008dd00000, 0x000000008dd00000, 0x000000008de00000|  0%| F|  |TAMS 0x000000008dd00000, 0x000000008dd00000| Untracked 
|  70|0x000000008de00000, 0x000000008de00000, 0x000000008df00000|  0%| F|  |TAMS 0x000000008de00000, 0x000000008de00000| Untracked 
|  71|0x000000008df00000, 0x000000008df00000, 0x000000008e000000|  0%| F|  |TAMS 0x000000008df00000, 0x000000008df00000| Untracked 
|  72|0x000000008e000000, 0x000000008e000000, 0x000000008e100000|  0%| F|  |TAMS 0x000000008e000000, 0x000000008e000000| Untracked 
|  73|0x000000008e100000, 0x000000008e100000, 0x000000008e200000|  0%| F|  |TAMS 0x000000008e100000, 0x000000008e100000| Untracked 
|  74|0x000000008e200000, 0x000000008e200000, 0x000000008e300000|  0%| F|  |TAMS 0x000000008e200000, 0x000000008e200000| Untracked 
|  75|0x000000008e300000, 0x000000008e300000, 0x000000008e400000|  0%| F|  |TAMS 0x000000008e300000, 0x000000008e300000| Untracked 
|  76|0x000000008e400000, 0x000000008e400000, 0x000000008e500000|  0%| F|  |TAMS 0x000000008e400000, 0x000000008e400000| Untracked 
|  77|0x000000008e500000, 0x000000008e500000, 0x000000008e600000|  0%| F|  |TAMS 0x000000008e500000, 0x000000008e500000| Untracked 
|  78|0x000000008e600000, 0x000000008e600000, 0x000000008e700000|  0%| F|  |TAMS 0x000000008e600000, 0x000000008e600000| Untracked 
|  79|0x000000008e700000, 0x000000008e700000, 0x000000008e800000|  0%| F|  |TAMS 0x000000008e700000, 0x000000008e700000| Untracked 
|  80|0x000000008e800000, 0x000000008e800000, 0x000000008e900000|  0%| F|  |TAMS 0x000000008e800000, 0x000000008e800000| Untracked 
|  81|0x000000008e900000, 0x000000008e900000, 0x000000008ea00000|  0%| F|  |TAMS 0x000000008e900000, 0x000000008e900000| Untracked 
|  82|0x000000008ea00000, 0x000000008ea00000, 0x000000008eb00000|  0%| F|  |TAMS 0x000000008ea00000, 0x000000008ea00000| Untracked 
|  83|0x000000008eb00000, 0x000000008eb00000, 0x000000008ec00000|  0%| F|  |TAMS 0x000000008eb00000, 0x000000008eb00000| Untracked 
|  84|0x000000008ec00000, 0x000000008ec00000, 0x000000008ed00000|  0%| F|  |TAMS 0x000000008ec00000, 0x000000008ec00000| Untracked 
|  85|0x000000008ed00000, 0x000000008ed00000, 0x000000008ee00000|  0%| F|  |TAMS 0x000000008ed00000, 0x000000008ed00000| Untracked 
|  86|0x000000008ee00000, 0x000000008ee00000, 0x000000008ef00000|  0%| F|  |TAMS 0x000000008ee00000, 0x000000008ee00000| Untracked 
|  87|0x000000008ef00000, 0x000000008ef00000, 0x000000008f000000|  0%| F|  |TAMS 0x000000008ef00000, 0x000000008ef00000| Untracked 
|  88|0x000000008f000000, 0x000000008f000000, 0x000000008f100000|  0%| F|  |TAMS 0x000000008f000000, 0x000000008f000000| Untracked 
|  89|0x000000008f100000, 0x000000008f100000, 0x000000008f200000|  0%| F|  |TAMS 0x000000008f100000, 0x000000008f100000| Untracked 
|  90|0x000000008f200000, 0x000000008f200000, 0x000000008f300000|  0%| F|  |TAMS 0x000000008f200000, 0x000000008f200000| Untracked 
|  91|0x000000008f300000, 0x000000008f300000, 0x000000008f400000|  0%| F|  |TAMS 0x000000008f300000, 0x000000008f300000| Untracked 
|  92|0x000000008f400000, 0x000000008f400000, 0x000000008f500000|  0%| F|  |TAMS 0x000000008f400000, 0x000000008f400000| Untracked 
|  93|0x000000008f500000, 0x000000008f500000, 0x000000008f600000|  0%| F|  |TAMS 0x000000008f500000, 0x000000008f500000| Untracked 
|  94|0x000000008f600000, 0x000000008f600000, 0x000000008f700000|  0%| F|  |TAMS 0x000000008f600000, 0x000000008f600000| Untracked 
|  95|0x000000008f700000, 0x000000008f700000, 0x000000008f800000|  0%| F|  |TAMS 0x000000008f700000, 0x000000008f700000| Untracked 
|  96|0x000000008f800000, 0x000000008f800000, 0x000000008f900000|  0%| F|  |TAMS 0x000000008f800000, 0x000000008f800000| Untracked 
|  97|0x000000008f900000, 0x000000008f900000, 0x000000008fa00000|  0%| F|  |TAMS 0x000000008f900000, 0x000000008f900000| Untracked 
|  98|0x000000008fa00000, 0x000000008fa00000, 0x000000008fb00000|  0%| F|  |TAMS 0x000000008fa00000, 0x000000008fa00000| Untracked 
|  99|0x000000008fb00000, 0x000000008fb00000, 0x000000008fc00000|  0%| F|  |TAMS 0x000000008fb00000, 0x000000008fb00000| Untracked 
| 100|0x000000008fc00000, 0x000000008fc00000, 0x000000008fd00000|  0%| F|  |TAMS 0x000000008fc00000, 0x000000008fc00000| Untracked 
| 101|0x000000008fd00000, 0x000000008fd00000, 0x000000008fe00000|  0%| F|  |TAMS 0x000000008fd00000, 0x000000008fd00000| Untracked 
| 102|0x000000008fe00000, 0x000000008fe00000, 0x000000008ff00000|  0%| F|  |TAMS 0x000000008fe00000, 0x000000008fe00000| Untracked 
| 103|0x000000008ff00000, 0x000000008ff00000, 0x0000000090000000|  0%| F|  |TAMS 0x000000008ff00000, 0x000000008ff00000| Untracked 
| 104|0x0000000090000000, 0x0000000090076580, 0x0000000090100000| 46%| E|  |TAMS 0x0000000090000000, 0x0000000090000000| Complete 
| 105|0x0000000090100000, 0x0000000090200000, 0x0000000090200000|100%| E|CS|TAMS 0x0000000090100000, 0x0000000090100000| Complete 
| 106|0x0000000090200000, 0x0000000090300000, 0x0000000090300000|100%| E|CS|TAMS 0x0000000090200000, 0x0000000090200000| Complete 
| 107|0x0000000090300000, 0x0000000090400000, 0x0000000090400000|100%| E|CS|TAMS 0x0000000090300000, 0x0000000090300000| Complete 
| 108|0x0000000090400000, 0x0000000090500000, 0x0000000090500000|100%| E|CS|TAMS 0x0000000090400000, 0x0000000090400000| Complete 
| 109|0x0000000090500000, 0x0000000090600000, 0x0000000090600000|100%| E|CS|TAMS 0x0000000090500000, 0x0000000090500000| Complete 
| 110|0x0000000090600000, 0x0000000090700000, 0x0000000090700000|100%| E|CS|TAMS 0x0000000090600000, 0x0000000090600000| Complete 
| 111|0x0000000090700000, 0x0000000090800000, 0x0000000090800000|100%| E|CS|TAMS 0x0000000090700000, 0x0000000090700000| Complete 
| 112|0x0000000090800000, 0x0000000090900000, 0x0000000090900000|100%| E|CS|TAMS 0x0000000090800000, 0x0000000090800000| Complete 
| 113|0x0000000090900000, 0x0000000090a00000, 0x0000000090a00000|100%| E|  |TAMS 0x0000000090900000, 0x0000000090900000| Complete 
| 114|0x0000000090a00000, 0x0000000090b00000, 0x0000000090b00000|100%| E|CS|TAMS 0x0000000090a00000, 0x0000000090a00000| Complete 
| 115|0x0000000090b00000, 0x0000000090c00000, 0x0000000090c00000|100%| E|CS|TAMS 0x0000000090b00000, 0x0000000090b00000| Complete 
| 116|0x0000000090c00000, 0x0000000090d00000, 0x0000000090d00000|100%| E|CS|TAMS 0x0000000090c00000, 0x0000000090c00000| Complete 
| 117|0x0000000090d00000, 0x0000000090e00000, 0x0000000090e00000|100%| E|CS|TAMS 0x0000000090d00000, 0x0000000090d00000| Complete 
| 118|0x0000000090e00000, 0x0000000090f00000, 0x0000000090f00000|100%| E|CS|TAMS 0x0000000090e00000, 0x0000000090e00000| Complete 
| 119|0x0000000090f00000, 0x0000000091000000, 0x0000000091000000|100%| E|CS|TAMS 0x0000000090f00000, 0x0000000090f00000| Complete 

Card table byte_map: [0x0000025988e20000,0x00000259891e0000] _byte_map_base: 0x00000259889d4000

Marking Bits (Prev, Next): (CMBitMap*) 0x00000259820c5560, (CMBitMap*) 0x00000259820c55a0
 Prev Bits: [0x00000259895a0000, 0x000002598b340000)
 Next Bits: [0x000002598b340000, 0x000002598d0e0000)

Polling page: 0x0000025981810000

Metaspace:

Usage:
  Non-class:     12.09 MB used.
      Class:      1.37 MB used.
       Both:     13.45 MB used.

Virtual space:
  Non-class space:       64.00 MB reserved,      12.12 MB ( 19%) committed,  1 nodes.
      Class space:        1.00 GB reserved,       1.44 MB ( <1%) committed,  1 nodes.
             Both:        1.06 GB reserved,      13.56 MB (  1%) committed. 

Chunk freelists:
   Non-Class:  2.98 MB
       Class:  14.52 MB
        Both:  17.50 MB

MaxMetaspaceSize: unlimited
CompressedClassSpaceSize: 1.00 GB
Initial GC threshold: 21.00 MB
Current GC threshold: 21.00 MB
CDS: off
MetaspaceReclaimPolicy: balanced
 - commit_granule_bytes: 65536.
 - commit_granule_words: 8192.
 - virtual_space_node_default_size: 8388608.
 - enlarge_chunks_in_place: 1.
 - new_chunks_are_fully_committed: 0.
 - uncommit_free_chunks: 1.
 - use_allocation_guard: 0.
 - handle_deallocations: 1.


Internal statistics:

num_allocs_failed_limit: 0.
num_arena_births: 118.
num_arena_deaths: 0.
num_vsnodes_births: 2.
num_vsnodes_deaths: 0.
num_space_committed: 217.
num_space_uncommitted: 0.
num_chunks_returned_to_freelist: 0.
num_chunks_taken_from_freelist: 211.
num_chunk_merges: 0.
num_chunk_splits: 124.
num_chunks_enlarged: 65.
num_inconsistent_stats: 0.

CodeCache: size=49152Kb used=3729Kb max_used=3729Kb free=45422Kb
 bounds [0x0000025985720000, 0x0000025985ad0000, 0x0000025988720000]
 total_blobs=1504 nmethods=1054 adapters=376
 compilation: enabled
              stopped_count=0, restarted_count=0
 full_count=0

Compilation events (20 events):
Event: 0.702 Thread 0x00000259941e5030 1045       1       java.io.FilterInputStream::<init> (10 bytes)
Event: 0.702 Thread 0x00000259941e5030 nmethod 1045 0x0000025985abf810 code [0x0000025985abf9a0, 0x0000025985abfab8]
Event: 0.703 Thread 0x00000259941431e0 1047       1       java.util.Arrays$ArrayItr::next (36 bytes)
Event: 0.703 Thread 0x00000259941e5030 1046       1       java.util.Arrays$ArrayItr::hasNext (18 bytes)
Event: 0.703 Thread 0x00000259941431e0 nmethod 1047 0x0000025985abfb10 code [0x0000025985abfcc0, 0x0000025985abfe28]
Event: 0.703 Thread 0x00000259941e5030 nmethod 1046 0x0000025985abff10 code [0x0000025985ac00a0, 0x0000025985ac0198]
Event: 0.704 Thread 0x00000259941e5030 1048       1       java.util.concurrent.ConcurrentHashMap$KeyIterator::next (34 bytes)
Event: 0.704 Thread 0x00000259941e5030 nmethod 1048 0x0000025985ac0210 code [0x0000025985ac03c0, 0x0000025985ac0578]
Event: 0.721 Thread 0x00000259941e5030 1049       1       java.lang.invoke.AbstractValidatingLambdaMetafactory::isAdaptableTo (126 bytes)
Event: 0.721 Thread 0x00000259941e5030 nmethod 1049 0x0000025985ac2490 code [0x0000025985ac26c0, 0x0000025985ac2b28]
Event: 0.722 Thread 0x00000259941e5030 1050  s    1       jdk.internal.loader.Resource::cachedInputStream (20 bytes)
Event: 0.722 Thread 0x00000259941431e0 1051       1       java.security.CodeSource::getCertificates (98 bytes)
Event: 0.722 Thread 0x00000259941e5030 nmethod 1050 0x0000025985ac2e90 code [0x0000025985ac3040, 0x0000025985ac3248]
Event: 0.723 Thread 0x00000259941431e0 nmethod 1051 0x0000025985ac3310 code [0x0000025985ac3520, 0x0000025985ac39d8]
Event: 0.723 Thread 0x00000259941431e0 1052       1       java.util.jar.Manifest::getEntries (5 bytes)
Event: 0.723 Thread 0x00000259941e5030 1053       1       java.util.jar.Manifest::getMainAttributes (5 bytes)
Event: 0.723 Thread 0x00000259941431e0 nmethod 1052 0x0000025985ac3b90 code [0x0000025985ac3d20, 0x0000025985ac3df8]
Event: 0.723 Thread 0x00000259941e5030 nmethod 1053 0x0000025985ac3e90 code [0x0000025985ac4020, 0x0000025985ac40f8]
Event: 0.723 Thread 0x0000025994058100 1054       1       java.util.zip.ZipEntry::getCrc (5 bytes)
Event: 0.723 Thread 0x0000025994058100 nmethod 1054 0x0000025985ac4190 code [0x0000025985ac4320, 0x0000025985ac43f8]

GC Heap History (0 events):
No events

Dll operation events (7 events):
Event: 0.008 Loaded shared library C:\Users\taiph\DevProgram\javaLib\sts-4.21.0.RELEASE\plugins\org.eclipse.justj.openjdk.hotspot.jre.full.win32.x86_64_17.0.9.v20231028-0858\jre\bin\java.dll
Event: 0.207 Loaded shared library C:\Users\taiph\DevProgram\javaLib\sts-4.21.0.RELEASE\plugins\org.eclipse.justj.openjdk.hotspot.jre.full.win32.x86_64_17.0.9.v20231028-0858\jre\bin\jimage.dll
Event: 0.231 Loaded shared library C:\Users\taiph\DevProgram\javaLib\sts-4.21.0.RELEASE\plugins\org.eclipse.justj.openjdk.hotspot.jre.full.win32.x86_64_17.0.9.v20231028-0858\jre\bin\net.dll
Event: 0.233 Loaded shared library C:\Users\taiph\DevProgram\javaLib\sts-4.21.0.RELEASE\plugins\org.eclipse.justj.openjdk.hotspot.jre.full.win32.x86_64_17.0.9.v20231028-0858\jre\bin\nio.dll
Event: 0.239 Loaded shared library C:\Users\taiph\DevProgram\javaLib\sts-4.21.0.RELEASE\plugins\org.eclipse.justj.openjdk.hotspot.jre.full.win32.x86_64_17.0.9.v20231028-0858\jre\bin\zip.dll
Event: 0.308 Loaded shared library C:\Users\taiph\DevProgram\javaLib\sts-4.21.0.RELEASE\plugins\org.eclipse.justj.openjdk.hotspot.jre.full.win32.x86_64_17.0.9.v20231028-0858\jre\bin\management.dll
Event: 0.322 Loaded shared library C:\Users\taiph\DevProgram\javaLib\sts-4.21.0.RELEASE\plugins\org.eclipse.justj.openjdk.hotspot.jre.full.win32.x86_64_17.0.9.v20231028-0858\jre\bin\management_ext.dll

Deoptimization events (0 events):
No events

Classes unloaded (0 events):
No events

Classes redefined (0 events):
No events

Internal exceptions (15 events):
Event: 0.307 Thread 0x000002598206d6c0 Exception <a 'java/lang/NoSuchMethodError'{0x0000000090899958}: 'java.lang.Object java.lang.invoke.DirectMethodHandle$Holder.invokeStaticInit(java.lang.Object)'> (0x0000000090899958) 
thrown [s\src\hotspot\share\interpreter\linkResolver.cpp, line 759]
Event: 0.327 Thread 0x000002598206d6c0 Exception <a 'java/lang/NoSuchMethodError'{0x00000000908b4730}: 'int java.lang.invoke.DirectMethodHandle$Holder.invokeInterface(java.lang.Object, java.lang.Object)'> (0x00000000908b4730) 
thrown [s\src\hotspot\share\interpreter\linkResolver.cpp, line 759]
Event: 0.327 Thread 0x000002598206d6c0 Exception <a 'java/lang/IncompatibleClassChangeError'{0x00000000908b7d30}: Found class java.lang.Object, but interface was expected> (0x00000000908b7d30) 
thrown [s\src\hotspot\share\interpreter\linkResolver.cpp, line 826]
Event: 0.328 Thread 0x000002598206d6c0 Exception <a 'java/lang/NoSuchMethodError'{0x00000000908bd8e0}: 'void java.lang.invoke.DirectMethodHandle$Holder.invokeStatic(java.lang.Object, java.lang.Object)'> (0x00000000908bd8e0) 
thrown [s\src\hotspot\share\interpreter\linkResolver.cpp, line 759]
Event: 0.373 Thread 0x000002598206d6c0 Exception <a 'java/lang/NoSuchMethodError'{0x000000009078bd88}: 'int java.lang.invoke.DirectMethodHandle$Holder.invokeSpecial(java.lang.Object, java.lang.Object, java.lang.Object)'> (0x000000009078bd88) 
thrown [s\src\hotspot\share\interpreter\linkResolver.cpp, line 759]
Event: 0.436 Thread 0x000002598206d6c0 Exception <a 'java/lang/NoSuchMethodError'{0x00000000906979d0}: 'void java.lang.invoke.DirectMethodHandle$Holder.invokeStatic(java.lang.Object, java.lang.Object, java.lang.Object)'> (0x00000000906979d0) 
thrown [s\src\hotspot\share\interpreter\linkResolver.cpp, line 759]
Event: 0.471 Thread 0x000002598206d6c0 Exception <a 'java/lang/NoSuchMethodError'{0x00000000906e20b8}: 'int java.lang.invoke.DirectMethodHandle$Holder.invokeSpecialIFC(java.lang.Object, java.lang.Object, java.lang.Object)'> (0x00000000906e20b8) 
thrown [s\src\hotspot\share\interpreter\linkResolver.cpp, line 759]
Event: 0.504 Thread 0x000002598206d6c0 Exception <a 'java/lang/NoSuchMethodError'{0x0000000090558928}: 'java.lang.Object java.lang.invoke.DirectMethodHandle$Holder.invokeStaticInit(java.lang.Object, int, int, int, int)'> (0x0000000090558928) 
thrown [s\src\hotspot\share\interpreter\linkResolver.cpp, line 759]
Event: 0.552 Thread 0x000002598206d6c0 Exception <a 'java/lang/NoSuchMethodError'{0x00000000905befd0}: 'java.lang.Object java.lang.invoke.DirectMethodHandle$Holder.invokeStaticInit(java.lang.Object, java.lang.Object, int, int, int, int)'> (0x00000000905befd0) 
thrown [s\src\hotspot\share\interpreter\linkResolver.cpp, line 759]
Event: 0.562 Thread 0x000002598206d6c0 Exception <a 'java/lang/ClassNotFoundException'{0x00000000905da720}: javax/management/remote/rmi/RMIServerImpl_Skel> (0x00000000905da720) 
thrown [s\src\hotspot\share\classfile\systemDictionary.cpp, line 256]
Event: 0.587 Thread 0x000002598206d6c0 Exception <a 'java/lang/ClassNotFoundException'{0x000000009041ff30}: jdk/internal/agent/resources/spi/agentProvider> (0x000000009041ff30) 
thrown [s\src\hotspot\share\classfile\systemDictionary.cpp, line 256]
Event: 0.662 Thread 0x000002598206d6c0 Exception <a 'java/lang/ClassNotFoundException'{0x00000000902d9e48}: javax/smartcardio/CardPermission> (0x00000000902d9e48) 
thrown [s\src\hotspot\share\classfile\systemDictionary.cpp, line 256]
Event: 0.664 Thread 0x000002598206d6c0 Exception <a 'java/io/FileNotFoundException'{0x00000000902e8800}> (0x00000000902e8800) 
thrown [s\src\hotspot\share\prims\jni.cpp, line 516]
Event: 0.678 Thread 0x000002598206d6c0 Exception <a 'java/lang/NoSuchMethodError'{0x000000009015beb0}: 'java.lang.Object java.lang.invoke.DirectMethodHandle$Holder.invokeSpecial(java.lang.Object, java.lang.Object, java.lang.Object, long, java.lang.Object)'> (0x000000009015beb0) 
thrown [s\src\hotspot\share\interpreter\linkResolver.cpp, line 759]
Event: 0.678 Thread 0x000002598206d6c0 Exception <a 'java/lang/NoSuchMethodError'{0x000000009015fa80}: 'java.lang.Object java.lang.invoke.Invokers$Holder.linkToTargetMethod(java.lang.Object, long, java.lang.Object, java.lang.Object)'> (0x000000009015fa80) 
thrown [s\src\hotspot\share\interpreter\linkResolver.cpp, line 759]

VM Operations (14 events):
Event: 0.182 Executing VM operation: HandshakeAllThreads
Event: 0.182 Executing VM operation: HandshakeAllThreads done
Event: 0.331 Executing VM operation: HandshakeAllThreads
Event: 0.331 Executing VM operation: HandshakeAllThreads done
Event: 0.452 Executing VM operation: HandshakeAllThreads
Event: 0.452 Executing VM operation: HandshakeAllThreads done
Event: 0.489 Executing VM operation: HandshakeAllThreads
Event: 0.489 Executing VM operation: HandshakeAllThreads done
Event: 0.562 Executing VM operation: HandshakeAllThreads
Event: 0.562 Executing VM operation: HandshakeAllThreads done
Event: 0.627 Executing VM operation: HandshakeAllThreads
Event: 0.627 Executing VM operation: HandshakeAllThreads done
Event: 0.632 Executing VM operation: HandshakeAllThreads
Event: 0.632 Executing VM operation: HandshakeAllThreads done

Events (20 events):
Event: 0.719 loading class java/time/format/DateTimeFormatterBuilder$InstantPrinterParser
Event: 0.719 loading class java/time/format/DateTimeFormatterBuilder$InstantPrinterParser done
Event: 0.719 loading class java/time/format/TextStyle
Event: 0.719 loading class java/time/format/TextStyle done
Event: 0.719 loading class java/time/format/DateTimeTextProvider$LocaleStore
Event: 0.719 loading class java/time/format/DateTimeTextProvider$LocaleStore done
Event: 0.719 loading class java/time/format/DateTimeTextProvider
Event: 0.720 loading class java/time/format/DateTimeTextProvider done
Event: 0.720 loading class java/time/format/DateTimeTextProvider$1
Event: 0.720 loading class java/time/format/DateTimeTextProvider$1 done
Event: 0.720 loading class java/time/format/DateTimeFormatterBuilder$1
Event: 0.720 loading class java/time/format/DateTimeFormatterBuilder$1 done
Event: 0.720 loading class java/time/format/DateTimeFormatterBuilder$TextPrinterParser
Event: 0.720 loading class java/time/format/DateTimeFormatterBuilder$TextPrinterParser done
Event: 0.720 loading class java/time/Period
Event: 0.721 loading class java/time/chrono/ChronoPeriod
Event: 0.721 loading class java/time/chrono/ChronoPeriod done
Event: 0.721 loading class java/time/Period done
Event: 0.722 loading class java/util/concurrent/atomic/AtomicReference
Event: 0.722 loading class java/util/concurrent/atomic/AtomicReference done


Dynamic libraries:
0x00007ff75c450000 - 0x00007ff75c45e000 	C:\Users\taiph\DevProgram\javaLib\sts-4.21.0.RELEASE\plugins\org.eclipse.justj.openjdk.hotspot.jre.full.win32.x86_64_17.0.9.v20231028-0858\jre\bin\javaw.exe
0x00007ff8f2330000 - 0x00007ff8f2546000 	C:\WINDOWS\SYSTEM32\ntdll.dll
0x00007ff8f12d0000 - 0x00007ff8f1394000 	C:\WINDOWS\System32\KERNEL32.DLL
0x00007ff8ef8f0000 - 0x00007ff8efc96000 	C:\WINDOWS\System32\KERNELBASE.dll
0x00007ff8ef7d0000 - 0x00007ff8ef8e1000 	C:\WINDOWS\System32\ucrtbase.dll
0x00007ff8e86d0000 - 0x00007ff8e86e7000 	C:\Users\taiph\DevProgram\javaLib\sts-4.21.0.RELEASE\plugins\org.eclipse.justj.openjdk.hotspot.jre.full.win32.x86_64_17.0.9.v20231028-0858\jre\bin\jli.dll
0x00007ff8e0e80000 - 0x00007ff8e0e9b000 	C:\Users\taiph\DevProgram\javaLib\sts-4.21.0.RELEASE\plugins\org.eclipse.justj.openjdk.hotspot.jre.full.win32.x86_64_17.0.9.v20231028-0858\jre\bin\VCRUNTIME140.dll
0x00007ff8f0ef0000 - 0x00007ff8f109d000 	C:\WINDOWS\System32\USER32.dll
0x00007ff8efca0000 - 0x00007ff8efcc6000 	C:\WINDOWS\System32\win32u.dll
0x00007ff8dd740000 - 0x00007ff8dd9d3000 	C:\WINDOWS\WinSxS\amd64_microsoft.windows.common-controls_6595b64144ccf1df_6.0.22621.3235_none_270f74e173860f98\COMCTL32.dll
0x00007ff8f15d0000 - 0x00007ff8f15f9000 	C:\WINDOWS\System32\GDI32.dll
0x00007ff8efcd0000 - 0x00007ff8efde8000 	C:\WINDOWS\System32\gdi32full.dll
0x00007ff8f08e0000 - 0x00007ff8f0987000 	C:\WINDOWS\System32\msvcrt.dll
0x00007ff8ef670000 - 0x00007ff8ef70a000 	C:\WINDOWS\System32\msvcp_win.dll
0x00007ff8f0eb0000 - 0x00007ff8f0ee1000 	C:\WINDOWS\System32\IMM32.DLL
0x00007ff8e5090000 - 0x00007ff8e509c000 	C:\Users\taiph\DevProgram\javaLib\sts-4.21.0.RELEASE\plugins\org.eclipse.justj.openjdk.hotspot.jre.full.win32.x86_64_17.0.9.v20231028-0858\jre\bin\vcruntime140_1.dll
0x00007ff8d7140000 - 0x00007ff8d71cd000 	C:\Users\taiph\DevProgram\javaLib\sts-4.21.0.RELEASE\plugins\org.eclipse.justj.openjdk.hotspot.jre.full.win32.x86_64_17.0.9.v20231028-0858\jre\bin\msvcp140.dll
0x00007ff8b3840000 - 0x00007ff8b44a1000 	C:\Users\taiph\DevProgram\javaLib\sts-4.21.0.RELEASE\plugins\org.eclipse.justj.openjdk.hotspot.jre.full.win32.x86_64_17.0.9.v20231028-0858\jre\bin\server\jvm.dll
0x00007ff8f16b0000 - 0x00007ff8f1762000 	C:\WINDOWS\System32\ADVAPI32.dll
0x00007ff8f1bb0000 - 0x00007ff8f1c58000 	C:\WINDOWS\System32\sechost.dll
0x00007ff8efe70000 - 0x00007ff8efe98000 	C:\WINDOWS\System32\bcrypt.dll
0x00007ff8f1c60000 - 0x00007ff8f1d75000 	C:\WINDOWS\System32\RPCRT4.dll
0x00007ff8eea00000 - 0x00007ff8eea4d000 	C:\WINDOWS\SYSTEM32\POWRPROF.dll
0x00007ff8e7690000 - 0x00007ff8e76c4000 	C:\WINDOWS\SYSTEM32\WINMM.dll
0x00007ff8e68f0000 - 0x00007ff8e68fa000 	C:\WINDOWS\SYSTEM32\VERSION.dll
0x00007ff8ea780000 - 0x00007ff8ea789000 	C:\WINDOWS\SYSTEM32\WSOCK32.dll
0x00007ff8f1100000 - 0x00007ff8f1171000 	C:\WINDOWS\System32\WS2_32.dll
0x00007ff8ee930000 - 0x00007ff8ee943000 	C:\WINDOWS\SYSTEM32\UMPDC.dll
0x00007ff8ee720000 - 0x00007ff8ee738000 	C:\WINDOWS\SYSTEM32\kernel.appcore.dll
0x00007ff8e88f0000 - 0x00007ff8e88fa000 	C:\Users\taiph\DevProgram\javaLib\sts-4.21.0.RELEASE\plugins\org.eclipse.justj.openjdk.hotspot.jre.full.win32.x86_64_17.0.9.v20231028-0858\jre\bin\jimage.dll
0x00007ff8ed0b0000 - 0x00007ff8ed2e3000 	C:\WINDOWS\SYSTEM32\DBGHELP.DLL
0x00007ff8f1820000 - 0x00007ff8f1ba8000 	C:\WINDOWS\System32\combase.dll
0x00007ff8f11f0000 - 0x00007ff8f12c7000 	C:\WINDOWS\System32\OLEAUT32.dll
0x00007ff8e4e00000 - 0x00007ff8e4e32000 	C:\WINDOWS\SYSTEM32\dbgcore.DLL
0x00007ff8efdf0000 - 0x00007ff8efe6a000 	C:\WINDOWS\System32\bcryptPrimitives.dll
0x00007ff8e86a0000 - 0x00007ff8e86c5000 	C:\Users\taiph\DevProgram\javaLib\sts-4.21.0.RELEASE\plugins\org.eclipse.justj.openjdk.hotspot.jre.full.win32.x86_64_17.0.9.v20231028-0858\jre\bin\java.dll
0x00007ff8e57a0000 - 0x00007ff8e57b8000 	C:\Users\taiph\DevProgram\javaLib\sts-4.21.0.RELEASE\plugins\org.eclipse.justj.openjdk.hotspot.jre.full.win32.x86_64_17.0.9.v20231028-0858\jre\bin\zip.dll
0x00007ff8f0080000 - 0x00007ff8f08dd000 	C:\WINDOWS\System32\SHELL32.dll
0x00007ff8ed5d0000 - 0x00007ff8edec8000 	C:\WINDOWS\SYSTEM32\windows.storage.dll
0x00007ff8ed490000 - 0x00007ff8ed5ce000 	C:\WINDOWS\SYSTEM32\wintypes.dll
0x00007ff8f20b0000 - 0x00007ff8f21a3000 	C:\WINDOWS\System32\SHCORE.dll
0x00007ff8f10a0000 - 0x00007ff8f10fe000 	C:\WINDOWS\System32\shlwapi.dll
0x00007ff8ef5a0000 - 0x00007ff8ef5c6000 	C:\WINDOWS\SYSTEM32\profapi.dll
0x00007ff8e4750000 - 0x00007ff8e4769000 	C:\Users\taiph\DevProgram\javaLib\sts-4.21.0.RELEASE\plugins\org.eclipse.justj.openjdk.hotspot.jre.full.win32.x86_64_17.0.9.v20231028-0858\jre\bin\net.dll
0x00007ff8e94f0000 - 0x00007ff8e9627000 	C:\WINDOWS\SYSTEM32\WINHTTP.dll
0x00007ff8eec20000 - 0x00007ff8eec89000 	C:\WINDOWS\system32\mswsock.dll
0x00007ff8e1470000 - 0x00007ff8e1486000 	C:\Users\taiph\DevProgram\javaLib\sts-4.21.0.RELEASE\plugins\org.eclipse.justj.openjdk.hotspot.jre.full.win32.x86_64_17.0.9.v20231028-0858\jre\bin\nio.dll
0x00007ff8e5790000 - 0x00007ff8e5799000 	C:\Users\taiph\DevProgram\javaLib\sts-4.21.0.RELEASE\plugins\org.eclipse.justj.openjdk.hotspot.jre.full.win32.x86_64_17.0.9.v20231028-0858\jre\bin\management.dll
0x00007ff8e56f0000 - 0x00007ff8e56fb000 	C:\Users\taiph\DevProgram\javaLib\sts-4.21.0.RELEASE\plugins\org.eclipse.justj.openjdk.hotspot.jre.full.win32.x86_64_17.0.9.v20231028-0858\jre\bin\management_ext.dll
0x00007ff8f1180000 - 0x00007ff8f1188000 	C:\WINDOWS\System32\PSAPI.DLL
0x00007ff8ec600000 - 0x00007ff8ec617000 	C:\WINDOWS\system32\napinsp.dll
0x00007ff8ea7e0000 - 0x00007ff8ea7fb000 	C:\WINDOWS\system32\pnrpnsp.dll
0x00007ff8ee1d0000 - 0x00007ff8ee2c9000 	C:\WINDOWS\SYSTEM32\DNSAPI.dll
0x00007ff8ee130000 - 0x00007ff8ee15d000 	C:\WINDOWS\SYSTEM32\IPHLPAPI.DLL
0x00007ff8f15c0000 - 0x00007ff8f15c9000 	C:\WINDOWS\System32\NSI.dll
0x00007ff8ea7c0000 - 0x00007ff8ea7d1000 	C:\WINDOWS\System32\winrnr.dll
0x00007ff8e6900000 - 0x00007ff8e6915000 	C:\WINDOWS\system32\wshbth.dll
0x00007ff8eb020000 - 0x00007ff8eb041000 	C:\WINDOWS\system32\nlansp_c.dll
0x00007ff8e8ce0000 - 0x00007ff8e8cea000 	C:\Windows\System32\rasadhlp.dll
0x00007ff8e6c50000 - 0x00007ff8e6cd3000 	C:\WINDOWS\System32\fwpuclnt.dll
0x00007ff8eee70000 - 0x00007ff8eee8b000 	C:\WINDOWS\SYSTEM32\CRYPTSP.dll
0x00007ff8ee680000 - 0x00007ff8ee6b5000 	C:\WINDOWS\system32\rsaenh.dll
0x00007ff8eed10000 - 0x00007ff8eed3c000 	C:\WINDOWS\SYSTEM32\USERENV.dll
0x00007ff8eee90000 - 0x00007ff8eee9c000 	C:\WINDOWS\SYSTEM32\CRYPTBASE.dll
0x00007ff8e8e40000 - 0x00007ff8e8e59000 	C:\WINDOWS\SYSTEM32\dhcpcsvc6.DLL
0x00007ff8e8cf0000 - 0x00007ff8e8d0f000 	C:\WINDOWS\SYSTEM32\dhcpcsvc.DLL

dbghelp: loaded successfully - version: 4.0.5 - missing functions: none
symbol engine: initialized successfully - sym options: 0x614 - pdb path: .;C:\Users\taiph\DevProgram\javaLib\sts-4.21.0.RELEASE\plugins\org.eclipse.justj.openjdk.hotspot.jre.full.win32.x86_64_17.0.9.v20231028-0858\jre\bin;C:\WINDOWS\SYSTEM32;C:\WINDOWS\WinSxS\amd64_microsoft.windows.common-controls_6595b64144ccf1df_6.0.22621.3235_none_270f74e173860f98;C:\Users\taiph\DevProgram\javaLib\sts-4.21.0.RELEASE\plugins\org.eclipse.justj.openjdk.hotspot.jre.full.win32.x86_64_17.0.9.v20231028-0858\jre\bin\server

VM Arguments:
jvm_args: -Dcom.sun.management.jmxremote -Dcom.sun.management.jmxremote.port=59791 -Dcom.sun.management.jmxremote.authenticate=false -Dcom.sun.management.jmxremote.ssl=false -Djava.rmi.server.hostname=localhost -Dspring.jmx.enabled=true -Dmanagement.endpoints.jmx.exposure.include=* -Dspring.application.admin.enabled=true -XX:TieredStopAtLevel=1 -Dspring.boot.project.name=Asmjava6 -Dfile.encoding=UTF-8 -Dstdout.encoding=UTF-8 -Dstderr.encoding=UTF-8 -XX:+ShowCodeDetailsInExceptionMessages 
java_command: edu.poly.hello.Asmjava6Application --spring.output.ansi.enabled=always
java_class_path (initial): C:\Users\taiph\DevProgram\Asmjava6\target\classes;C:\Users\taiph\.m2\repository\org\springframework\boot\spring-boot-starter-data-jdbc\3.2.4\spring-boot-starter-data-jdbc-3.2.4.jar;C:\Users\taiph\.m2\repository\org\springframework\boot\spring-boot-starter-jdbc\3.2.4\spring-boot-starter-jdbc-3.2.4.jar;C:\Users\taiph\.m2\repository\com\zaxxer\HikariCP\5.0.1\HikariCP-5.0.1.jar;C:\Users\taiph\.m2\repository\org\springframework\spring-jdbc\6.1.5\spring-jdbc-6.1.5.jar;C:\Users\taiph\.m2\repository\org\springframework\data\spring-data-jdbc\3.2.4\spring-data-jdbc-3.2.4.jar;C:\Users\taiph\.m2\repository\org\springframework\data\spring-data-relational\3.2.4\spring-data-relational-3.2.4.jar;C:\Users\taiph\.m2\repository\com\github\jsqlparser\jsqlparser\4.6\jsqlparser-4.6.jar;C:\Users\taiph\.m2\repository\org\springframework\data\spring-data-commons\3.2.4\spring-data-commons-3.2.4.jar;C:\Users\taiph\.m2\repository\org\springframework\spring-tx\6.1.5\spring-tx-6.1.5.jar;C:\Users\taiph\.m2\repository\org\springframework\spring-context\6.1.5\spring-context-6.1.5.jar;C:\Users\taiph\.m2\repository\org\springframework\spring-beans\6.1.5\spring-beans-6.1.5.jar;C:\Users\taiph\.m2\repository\org\springframework\boot\spring-boot-starter-data-jpa\3.2.4\spring-boot-starter-data-jpa-3.2.4.jar;C:\Users\taiph\.m2\repository\org\springframework\boot\spring-boot-starter-aop\3.2.4\spring-boot-starter-aop-3.2.4.jar;C:\Users\taiph\.m2\repository\org\aspectj\aspectjweaver\1.9.21\aspectjweaver-1.9.21.jar;C:\Users\taiph\.m2\repository\org\hibernate\orm\hibernate-core\6.4.4.Final\hibernate-core-6.4.4.Final.jar;C:\Users\taiph\.m2\repository\jakarta\persistence\jakarta.persistence-api\3.1.0\jakarta.persistence-api-3.1.0.jar;C:\Users\taiph\.m2\repository\jakarta\transaction\jakarta.transaction-api\2.0.1\jakarta.transaction-api-2.0.1.jar;C:\Users\taiph\.m2\repository\org\jboss\logging\jboss-logging\3.5.3.Final\jboss-logging-3.5.3.Final.jar;C:\Users\taiph\.m2\repository\org\hib
Launcher Type: SUN_STANDARD

[Global flags]
     intx CICompilerCount                          = 4                                         {product} {ergonomic}
     uint ConcGCThreads                            = 3                                         {product} {ergonomic}
     uint G1ConcRefinementThreads                  = 10                                        {product} {ergonomic}
   size_t G1HeapRegionSize                         = 1048576                                   {product} {ergonomic}
    uintx GCDrainStackTargetSize                   = 64                                        {product} {ergonomic}
   size_t InitialHeapSize                          = 125829120                                 {product} {ergonomic}
     bool ManagementServer                         = true                                      {product} {command line}
   size_t MarkStackSize                            = 4194304                                   {product} {ergonomic}
   size_t MaxHeapSize                              = 1988100096                                {product} {ergonomic}
   size_t MaxNewSize                               = 1192230912                                {product} {ergonomic}
   size_t MinHeapDeltaBytes                        = 1048576                                   {product} {ergonomic}
   size_t MinHeapSize                              = 8388608                                   {product} {ergonomic}
    uintx NonProfiledCodeHeapSize                  = 0                                      {pd product} {ergonomic}
     bool ProfileInterpreter                       = false                                  {pd product} {command line}
    uintx ProfiledCodeHeapSize                     = 0                                      {pd product} {ergonomic}
     bool ShowCodeDetailsInExceptionMessages       = true                                   {manageable} {command line}
   size_t SoftMaxHeapSize                          = 1988100096                             {manageable} {ergonomic}
     intx TieredStopAtLevel                        = 1                                         {product} {command line}
     bool UseCompressedClassPointers               = true                           {product lp64_product} {ergonomic}
     bool UseCompressedOops                        = true                           {product lp64_product} {ergonomic}
     bool UseG1GC                                  = true                                      {product} {ergonomic}
     bool UseLargePagesIndividualAllocation        = false                                  {pd product} {ergonomic}

Logging:
Log output configuration:
 #0: stdout all=warning uptime,level,tags
 #1: stderr all=off uptime,level,tags

Environment Variables:
PATH=C:/Users/taiph/DevProgram/javaLib/sts-4.21.0.RELEASE//plugins/org.eclipse.justj.openjdk.hotspot.jre.full.win32.x86_64_17.0.9.v20231028-0858/jre/bin/server;C:/Users/taiph/DevProgram/javaLib/sts-4.21.0.RELEASE//plugins/org.eclipse.justj.openjdk.hotspot.jre.full.win32.x86_64_17.0.9.v20231028-0858/jre/bin;C:\Program Files\Microsoft MPI\Bin\;C:\Program Files\Common Files\Oracle\Java\javapath;C:\Windows\system32;C:\Windows;C:\Windows\System32\Wbem;C:\Windows\System32\WindowsPowerShell\v1.0\;C:\Windows\System32\OpenSSH\;C:\Program Files (x86)\NVIDIA Corporation\PhysX\Common;C:\Program Files\NVIDIA Corporation\NVIDIA NvDLISR;C:\WINDOWS\system32;C:\WINDOWS;C:\WINDOWS\System32\Wbem;C:\WINDOWS\System32\WindowsPowerShell\v1.0\;C:\WINDOWS\System32\OpenSSH\;C:\Program Files (x86)\Microsoft SQL Server\160\Tools\Binn\;C:\Program Files\Microsoft SQL Server\160\Tools\Binn\;C:\Program Files\Microsoft SQL Server\Client SDK\ODBC\170\Tools\Binn\;C:\Program Files\Microsoft SQL Server\160\DTS\Binn\;C:\Program Files (x86)\Microsoft SQL Server\160\DTS\Binn\;C:\Program Files\Azure Data Studio\bin;C:\Users\taiph\AppData\Local\Microsoft\WindowsApps;;C:\Users\taiph\AppData\Local\Programs\Microsoft VS Code\bin;C:\Program Files\Azure Data Studio\bin;C:\Program Files\Azure Data Studio\bin;C:\Users\taiph\DevProgram\javaLib\sts-4.21.0.RELEASE;
USERNAME=taiph
OS=Windows_NT
PROCESSOR_IDENTIFIER=AMD64 Family 23 Model 104 Stepping 1, AuthenticAMD
TMP=C:\Users\taiph\AppData\Local\Temp
TEMP=C:\Users\taiph\AppData\Local\Temp



Periodic native trim disabled


---------------  S Y S T E M  ---------------

OS:
 Windows 11 , 64 bit Build 22621 (10.0.22621.3235)
OS uptime: 2 days 23:00 hours

CPU: total 12 (initial active 12) (12 cores per cpu, 2 threads per core) family 23 model 104 stepping 1 microcode 0x0, cx8, cmov, fxsr, ht, mmx, 3dnowpref, sse, sse2, sse3, ssse3, sse4a, sse4.1, sse4.2, popcnt, lzcnt, tsc, tscinvbit, avx, avx2, aes, clmul, bmi1, bmi2, adx, sha, fma, vzeroupper, clflush, clflushopt
Processor Information for processor 0
  Max Mhz: 2100, Current Mhz: 2100, Mhz Limit: 2100
Processor Information for processor 1
  Max Mhz: 2100, Current Mhz: 2100, Mhz Limit: 2100
Processor Information for processor 2
  Max Mhz: 2100, Current Mhz: 2100, Mhz Limit: 2100
Processor Information for processor 3
  Max Mhz: 2100, Current Mhz: 2100, Mhz Limit: 2100
Processor Information for processor 4
  Max Mhz: 2100, Current Mhz: 2100, Mhz Limit: 2100
Processor Information for processor 5
  Max Mhz: 2100, Current Mhz: 2100, Mhz Limit: 2100
Processor Information for processor 6
  Max Mhz: 2100, Current Mhz: 2100, Mhz Limit: 2100
Processor Information for processor 7
  Max Mhz: 2100, Current Mhz: 2100, Mhz Limit: 2100
Processor Information for processor 8
  Max Mhz: 2100, Current Mhz: 2100, Mhz Limit: 2100
Processor Information for processor 9
  Max Mhz: 2100, Current Mhz: 2100, Mhz Limit: 2100
Processor Information for processor 10
  Max Mhz: 2100, Current Mhz: 2100, Mhz Limit: 2100
Processor Information for processor 11
  Max Mhz: 2100, Current Mhz: 1988, Mhz Limit: 2100

Memory: 4k page, system-wide physical 7577M (569M free)
TotalPageFile size 16131M (AvailPageFile size 1M)
current process WorkingSet (physical memory assigned to process): 66M, peak: 66M
current process commit charge ("private bytes"): 214M, peak: 214M

vm_info: OpenJDK 64-Bit Server VM (17.0.9+9) for windows-amd64 JRE (17.0.9+9), built on Oct 26 2023 14:01:42 by "admin" with MS VC++ 16.10 / 16.11 (VS2019)

END.
